started_at=2026-07-07T01:00:47+09:00
hostname=mg0016
c2d8159ab3f14e1b902529fe0d62987ff3d156cb
?? run_blformer_joint_head_interact.sh
?? run_blformer_unified_capacity_interact.sh
?? test_blformer.py
Tue Jul  7 01:00:47 2026       
+-----------------------------------------------------------------------------------------+
| NVIDIA-SMI 595.58.03              Driver Version: 595.58.03      CUDA Version: 13.2     |
+-----------------------------------------+------------------------+----------------------+
| GPU  Name                 Persistence-M | Bus-Id          Disp.A | Volatile Uncorr. ECC |
| Fan  Temp   Perf          Pwr:Usage/Cap |           Memory-Usage | GPU-Util  Compute M. |
|                                         |                        |               MIG M. |
|=========================================+========================+======================|
|   0  NVIDIA GH200 120GB             On  |   00000009:01:00.0 Off |                    0 |
| N/A   25C    P0             67W /  700W |       0MiB /  97871MiB |      0%      Default |
|                                         |                        |             Disabled |
+-----------------------------------------+------------------------+----------------------+

+-----------------------------------------------------------------------------------------+
| Processes:                                                                              |
|  GPU   GI   CI              PID   Type   Process name                        GPU Memory |
|        ID   ID                                                               Usage      |
|=========================================================================================|
|  No running processes found                                                             |
+-----------------------------------------------------------------------------------------+
torch_version= 2.11.0+cu130
cuda_available= True
cuda_device_count= 1
cuda_device_name= NVIDIA GH200 120GB
device: cuda
processed_path: Output/reproduction/billiards_layout_paper40.pt
run_dir: Output/reproduction_check_20260707/blformer_paper40/blformer_unified_capacity_current_20260707
search: paper40_unified_capacity
split_sizes: {'train': 660, 'val': 116, 'final_train': 776, 'test': 1164}
split_notes: re-splits stored train+val with validation ratio 0.15; uses stored test indices as held-out test set
trial: hybrid_d64_clsmean_ord0.25 (1/3)
hybrid_d64_clsmean_ord0.25 epoch 25/400 train_f1=0.4977 val_f1=0.5243 val_acc=67.5287 best_epoch=21
hybrid_d64_clsmean_ord0.25 epoch 50/400 train_f1=0.5053 val_f1=0.5299 val_acc=70.1149 best_epoch=47
hybrid_d64_clsmean_ord0.25 epoch 75/400 train_f1=0.5089 val_f1=0.5474 val_acc=72.1264 best_epoch=74
hybrid_d64_clsmean_ord0.25 epoch 100/400 train_f1=0.5464 val_f1=0.5524 val_acc=72.7012 best_epoch=90
hybrid_d64_clsmean_ord0.25 epoch 125/400 train_f1=0.5557 val_f1=0.5484 val_acc=72.4138 best_epoch=110
hybrid_d64_clsmean_ord0.25 epoch 150/400 train_f1=0.5580 val_f1=0.5524 val_acc=72.7012 best_epoch=126
hybrid_d64_clsmean_ord0.25 epoch 175/400 train_f1=0.5610 val_f1=0.5494 val_acc=72.9885 best_epoch=153
hybrid_d64_clsmean_ord0.25 epoch 200/400 train_f1=0.5525 val_f1=0.5493 val_acc=72.4138 best_epoch=153
trial: hybrid_d80_clsmean_ord0.25 (2/3)
hybrid_d80_clsmean_ord0.25 epoch 25/400 train_f1=0.4683 val_f1=0.4958 val_acc=64.3678 best_epoch=21
hybrid_d80_clsmean_ord0.25 epoch 50/400 train_f1=0.5151 val_f1=0.5374 val_acc=71.2644 best_epoch=50
hybrid_d80_clsmean_ord0.25 epoch 75/400 train_f1=0.5375 val_f1=0.5468 val_acc=71.8391 best_epoch=68
hybrid_d80_clsmean_ord0.25 epoch 100/400 train_f1=0.5408 val_f1=0.5495 val_acc=71.8391 best_epoch=89
hybrid_d80_clsmean_ord0.25 epoch 125/400 train_f1=0.5571 val_f1=0.5511 val_acc=72.1264 best_epoch=115
hybrid_d80_clsmean_ord0.25 epoch 150/400 train_f1=0.5600 val_f1=0.5560 val_acc=72.4138 best_epoch=115
hybrid_d80_clsmean_ord0.25 epoch 175/400 train_f1=0.5481 val_f1=0.5492 val_acc=72.4138 best_epoch=115
trial: hybrid_d88_clsmean_ord0.25 (3/3)
hybrid_d88_clsmean_ord0.25 epoch 25/400 train_f1=0.4854 val_f1=0.5221 val_acc=68.9655 best_epoch=22
hybrid_d88_clsmean_ord0.25 epoch 50/400 train_f1=0.5235 val_f1=0.5488 val_acc=71.2644 best_epoch=48
hybrid_d88_clsmean_ord0.25 epoch 75/400 train_f1=0.5369 val_f1=0.5465 val_acc=71.2644 best_epoch=66
hybrid_d88_clsmean_ord0.25 epoch 100/400 train_f1=0.5432 val_f1=0.5484 val_acc=72.1264 best_epoch=80
hybrid_d88_clsmean_ord0.25 epoch 125/400 train_f1=0.5538 val_f1=0.5511 val_acc=72.4138 best_epoch=80
final_full_train: trial=hybrid_d64_clsmean_ord0.25 epochs=153
final_full_train epoch 25/153 train_acc=65.6787 train_f1=0.4897
final_full_train epoch 50/153 train_acc=68.5997 train_f1=0.5014
final_full_train epoch 75/153 train_acc=70.0172 train_f1=0.5280
final_full_train epoch 100/153 train_acc=70.0601 train_f1=0.5257
final_full_train epoch 125/153 train_acc=70.1460 train_f1=0.5282
final_full_train epoch 150/153 train_acc=71.3488 train_f1=0.5377
best_trial: hybrid_d64_clsmean_ord0.25
best_val_mean_macro_f1: 0.5604
selected_val_test_mean_macro_f1: 0.5359
selected_val_test_mean_accuracy: 68.5567
final_full_train_test_mean_macro_f1: 0.5318
final_full_train_test_mean_accuracy: 68.1271
checkpoint: Output/reproduction_check_20260707/blformer_paper40/blformer_unified_capacity_current_20260707/BLFormer_final_full_train.pt
summary: Output/reproduction_check_20260707/blformer_paper40/blformer_unified_capacity_current_20260707/summary.json
finished_at=2026-07-07T01:18:17+09:00
