device: cuda
processed_path: Output/reproduction/billiards_layout_paper40.pt
protocol: paper40_clean
split_sizes: {'train': 776, 'val': 0, 'test': 1164}
protocol_notes: random 40% train and 60% held-out evaluation, matching paper text
clear epoch 1/400 train_acc=49.8711
clear epoch 2/400 train_acc=48.1959
clear epoch 3/400 train_acc=48.4536
clear epoch 4/400 train_acc=50.5155
clear epoch 5/400 train_acc=52.8351
clear epoch 6/400 train_acc=54.8969
clear epoch 7/400 train_acc=57.2165
clear epoch 8/400 train_acc=60.0515
clear epoch 9/400 train_acc=61.3402
clear epoch 10/400 train_acc=62.5000
clear epoch 11/400 train_acc=64.4330
clear epoch 12/400 train_acc=67.0103
clear epoch 13/400 train_acc=68.0412
clear epoch 14/400 train_acc=69.5876
clear epoch 15/400 train_acc=70.3608
clear epoch 16/400 train_acc=70.6186
clear epoch 17/400 train_acc=70.3608
clear epoch 18/400 train_acc=70.2320
clear epoch 19/400 train_acc=70.7474
clear epoch 20/400 train_acc=71.0052
clear epoch 21/400 train_acc=71.2629
clear epoch 22/400 train_acc=72.1649
clear epoch 23/400 train_acc=72.2938
clear epoch 24/400 train_acc=72.2938
clear epoch 25/400 train_acc=73.1959
clear epoch 26/400 train_acc=72.8093
clear epoch 27/400 train_acc=72.6804
clear epoch 28/400 train_acc=73.3247
clear epoch 29/400 train_acc=73.1959
clear epoch 30/400 train_acc=73.1959
clear epoch 31/400 train_acc=73.9691
clear epoch 32/400 train_acc=73.9691
clear epoch 33/400 train_acc=73.9691
clear epoch 34/400 train_acc=74.8711
clear epoch 35/400 train_acc=74.7423
clear epoch 36/400 train_acc=74.6134
clear epoch 37/400 train_acc=74.2268
clear epoch 38/400 train_acc=74.4845
clear epoch 39/400 train_acc=74.3557
clear epoch 40/400 train_acc=74.6134
clear epoch 41/400 train_acc=74.7423
clear epoch 42/400 train_acc=75.2577
clear epoch 43/400 train_acc=75.3866
clear epoch 44/400 train_acc=75.3866
clear epoch 45/400 train_acc=74.8711
clear epoch 46/400 train_acc=74.8711
clear epoch 47/400 train_acc=75.2577
clear epoch 48/400 train_acc=74.7423
clear epoch 49/400 train_acc=75.1289
clear epoch 50/400 train_acc=74.8711
clear epoch 51/400 train_acc=75.2577
clear epoch 52/400 train_acc=75.6443
clear epoch 53/400 train_acc=75.2577
clear epoch 54/400 train_acc=75.3866
clear epoch 55/400 train_acc=75.5155
clear epoch 56/400 train_acc=75.6443
clear epoch 57/400 train_acc=75.5155
clear epoch 58/400 train_acc=76.0309
clear epoch 59/400 train_acc=76.1598
clear epoch 60/400 train_acc=76.1598
clear epoch 61/400 train_acc=76.4175
clear epoch 62/400 train_acc=76.4175
clear epoch 63/400 train_acc=76.1598
clear epoch 64/400 train_acc=76.2887
clear epoch 65/400 train_acc=76.6753
clear epoch 66/400 train_acc=76.8041
clear epoch 67/400 train_acc=76.8041
clear epoch 68/400 train_acc=76.9330
clear epoch 69/400 train_acc=77.0619
clear epoch 70/400 train_acc=77.0619
clear epoch 71/400 train_acc=77.4485
clear epoch 72/400 train_acc=77.5773
clear epoch 73/400 train_acc=77.5773
clear epoch 74/400 train_acc=77.4485
clear epoch 75/400 train_acc=77.4485
clear epoch 76/400 train_acc=77.0619
clear epoch 77/400 train_acc=77.0619
clear epoch 78/400 train_acc=76.8041
clear epoch 79/400 train_acc=76.9330
clear epoch 80/400 train_acc=77.1907
clear epoch 81/400 train_acc=77.7062
clear epoch 82/400 train_acc=78.0928
clear epoch 83/400 train_acc=78.7371
clear epoch 84/400 train_acc=78.6082
clear epoch 85/400 train_acc=77.4485
clear epoch 86/400 train_acc=77.7062
clear epoch 87/400 train_acc=77.4485
clear epoch 88/400 train_acc=77.4485
clear epoch 89/400 train_acc=78.3505
clear epoch 90/400 train_acc=79.2526
clear epoch 91/400 train_acc=79.5103
clear epoch 92/400 train_acc=78.9948
clear epoch 93/400 train_acc=78.9948
clear epoch 94/400 train_acc=79.1237
clear epoch 95/400 train_acc=79.7680
clear epoch 96/400 train_acc=79.7680
clear epoch 97/400 train_acc=79.2526
clear epoch 98/400 train_acc=79.5103
clear epoch 99/400 train_acc=79.7680
clear epoch 100/400 train_acc=79.3814
clear epoch 101/400 train_acc=79.6392
clear epoch 102/400 train_acc=80.0258
clear epoch 103/400 train_acc=80.5412
clear epoch 104/400 train_acc=80.4124
clear epoch 105/400 train_acc=80.6701
clear epoch 106/400 train_acc=80.7990
clear epoch 107/400 train_acc=80.2835
clear epoch 108/400 train_acc=80.4124
clear epoch 109/400 train_acc=80.9278
clear epoch 110/400 train_acc=81.1856
clear epoch 111/400 train_acc=81.1856
clear epoch 112/400 train_acc=81.8299
clear epoch 113/400 train_acc=81.9588
clear epoch 114/400 train_acc=81.9588
clear epoch 115/400 train_acc=81.7010
clear epoch 116/400 train_acc=82.0876
clear epoch 117/400 train_acc=81.9588
clear epoch 118/400 train_acc=82.2165
clear epoch 119/400 train_acc=82.3454
clear epoch 120/400 train_acc=82.4742
clear epoch 121/400 train_acc=82.8608
clear epoch 122/400 train_acc=82.6031
clear epoch 123/400 train_acc=82.7320
clear epoch 124/400 train_acc=83.5052
clear epoch 125/400 train_acc=83.3763
clear epoch 126/400 train_acc=83.3763
clear epoch 127/400 train_acc=83.3763
clear epoch 128/400 train_acc=83.8918
clear epoch 129/400 train_acc=84.0206
clear epoch 130/400 train_acc=84.0206
clear epoch 131/400 train_acc=83.7629
clear epoch 132/400 train_acc=83.7629
clear epoch 133/400 train_acc=83.7629
clear epoch 134/400 train_acc=83.6340
clear epoch 135/400 train_acc=83.8918
clear epoch 136/400 train_acc=84.1495
clear epoch 137/400 train_acc=84.4072
clear epoch 138/400 train_acc=84.2784
clear epoch 139/400 train_acc=84.2784
clear epoch 140/400 train_acc=84.4072
clear epoch 141/400 train_acc=84.7938
clear epoch 142/400 train_acc=84.4072
clear epoch 143/400 train_acc=84.5361
clear epoch 144/400 train_acc=84.7938
clear epoch 145/400 train_acc=84.7938
clear epoch 146/400 train_acc=85.0515
clear epoch 147/400 train_acc=85.1804
clear epoch 148/400 train_acc=85.1804
clear epoch 149/400 train_acc=85.3093
clear epoch 150/400 train_acc=85.3093
clear epoch 151/400 train_acc=85.5670
clear epoch 152/400 train_acc=85.4381
clear epoch 153/400 train_acc=85.8247
clear epoch 154/400 train_acc=85.5670
clear epoch 155/400 train_acc=85.6959
clear epoch 156/400 train_acc=85.6959
clear epoch 157/400 train_acc=85.8247
clear epoch 158/400 train_acc=85.6959
clear epoch 159/400 train_acc=85.6959
clear epoch 160/400 train_acc=85.8247
clear epoch 161/400 train_acc=85.9536
clear epoch 162/400 train_acc=85.9536
clear epoch 163/400 train_acc=85.9536
clear epoch 164/400 train_acc=86.3402
clear epoch 165/400 train_acc=86.2113
clear epoch 166/400 train_acc=86.3402
clear epoch 167/400 train_acc=86.2113
clear epoch 168/400 train_acc=86.2113
clear epoch 169/400 train_acc=86.3402
clear epoch 170/400 train_acc=86.2113
clear epoch 171/400 train_acc=86.5979
clear epoch 172/400 train_acc=86.5979
clear epoch 173/400 train_acc=86.4691
clear epoch 174/400 train_acc=86.2113
clear epoch 175/400 train_acc=86.5979
clear epoch 176/400 train_acc=86.9845
clear epoch 177/400 train_acc=86.9845
clear epoch 178/400 train_acc=86.8557
clear epoch 179/400 train_acc=86.9845
clear epoch 180/400 train_acc=86.7268
clear epoch 181/400 train_acc=86.8557
clear epoch 182/400 train_acc=86.8557
clear epoch 183/400 train_acc=87.1134
clear epoch 184/400 train_acc=87.2423
clear epoch 185/400 train_acc=87.3711
clear epoch 186/400 train_acc=87.2423
clear epoch 187/400 train_acc=87.3711
clear epoch 188/400 train_acc=87.3711
clear epoch 189/400 train_acc=87.5000
clear epoch 190/400 train_acc=87.6289
clear epoch 191/400 train_acc=87.3711
clear epoch 192/400 train_acc=87.3711
clear epoch 193/400 train_acc=87.5000
clear epoch 194/400 train_acc=87.5000
clear epoch 195/400 train_acc=87.5000
clear epoch 196/400 train_acc=88.0155
clear epoch 197/400 train_acc=87.7577
clear epoch 198/400 train_acc=88.2732
clear epoch 199/400 train_acc=87.8866
clear epoch 200/400 train_acc=87.5000
clear epoch 201/400 train_acc=87.7577
clear epoch 202/400 train_acc=87.6289
clear epoch 203/400 train_acc=88.0155
clear epoch 204/400 train_acc=87.8866
clear epoch 205/400 train_acc=88.5309
clear epoch 206/400 train_acc=88.2732
clear epoch 207/400 train_acc=88.0155
clear epoch 208/400 train_acc=88.4021
clear epoch 209/400 train_acc=88.5309
clear epoch 210/400 train_acc=88.1443
clear epoch 211/400 train_acc=88.2732
clear epoch 212/400 train_acc=88.7887
clear epoch 213/400 train_acc=88.7887
clear epoch 214/400 train_acc=88.7887
clear epoch 215/400 train_acc=88.9175
clear epoch 216/400 train_acc=88.6598
clear epoch 217/400 train_acc=88.5309
clear epoch 218/400 train_acc=89.1753
clear epoch 219/400 train_acc=88.9175
clear epoch 220/400 train_acc=89.0464
clear epoch 221/400 train_acc=89.1753
clear epoch 222/400 train_acc=89.4330
clear epoch 223/400 train_acc=88.9175
clear epoch 224/400 train_acc=89.1753
clear epoch 225/400 train_acc=88.9175
clear epoch 226/400 train_acc=89.3041
clear epoch 227/400 train_acc=89.5619
clear epoch 228/400 train_acc=89.5619
clear epoch 229/400 train_acc=89.1753
clear epoch 230/400 train_acc=89.0464
clear epoch 231/400 train_acc=88.9175
clear epoch 232/400 train_acc=89.3041
clear epoch 233/400 train_acc=89.5619
clear epoch 234/400 train_acc=90.2062
clear epoch 235/400 train_acc=89.8196
clear epoch 236/400 train_acc=89.6907
clear epoch 237/400 train_acc=89.5619
clear epoch 238/400 train_acc=89.6907
clear epoch 239/400 train_acc=90.0773
clear epoch 240/400 train_acc=90.2062
clear epoch 241/400 train_acc=90.2062
clear epoch 242/400 train_acc=90.0773
clear epoch 243/400 train_acc=90.2062
clear epoch 244/400 train_acc=89.9485
clear epoch 245/400 train_acc=90.4639
clear epoch 246/400 train_acc=90.4639
clear epoch 247/400 train_acc=90.5928
clear epoch 248/400 train_acc=90.5928
clear epoch 249/400 train_acc=90.0773
clear epoch 250/400 train_acc=90.2062
clear epoch 251/400 train_acc=90.3351
clear epoch 252/400 train_acc=90.5928
clear epoch 253/400 train_acc=90.7216
clear epoch 254/400 train_acc=90.5928
clear epoch 255/400 train_acc=90.8505
clear epoch 256/400 train_acc=90.7216
clear epoch 257/400 train_acc=90.8505
clear epoch 258/400 train_acc=90.9794
clear epoch 259/400 train_acc=90.7216
clear epoch 260/400 train_acc=90.9794
clear epoch 261/400 train_acc=90.9794
clear epoch 262/400 train_acc=90.9794
clear epoch 263/400 train_acc=91.2371
clear epoch 264/400 train_acc=91.2371
clear epoch 265/400 train_acc=91.2371
clear epoch 266/400 train_acc=91.3660
clear epoch 267/400 train_acc=91.4948
clear epoch 268/400 train_acc=91.2371
clear epoch 269/400 train_acc=91.1082
clear epoch 270/400 train_acc=91.2371
clear epoch 271/400 train_acc=91.4948
clear epoch 272/400 train_acc=91.2371
clear epoch 273/400 train_acc=91.3660
clear epoch 274/400 train_acc=91.4948
clear epoch 275/400 train_acc=91.6237
clear epoch 276/400 train_acc=91.7526
clear epoch 277/400 train_acc=91.7526
clear epoch 278/400 train_acc=91.6237
clear epoch 279/400 train_acc=91.7526
clear epoch 280/400 train_acc=91.7526
clear epoch 281/400 train_acc=91.7526
clear epoch 282/400 train_acc=91.7526
clear epoch 283/400 train_acc=91.7526
clear epoch 284/400 train_acc=91.7526
clear epoch 285/400 train_acc=91.8814
clear epoch 286/400 train_acc=92.0103
clear epoch 287/400 train_acc=92.1392
clear epoch 288/400 train_acc=92.0103
clear epoch 289/400 train_acc=92.0103
clear epoch 290/400 train_acc=92.1392
clear epoch 291/400 train_acc=92.0103
clear epoch 292/400 train_acc=92.0103
clear epoch 293/400 train_acc=92.0103
clear epoch 294/400 train_acc=92.1392
clear epoch 295/400 train_acc=92.5258
clear epoch 296/400 train_acc=92.9124
clear epoch 297/400 train_acc=92.3969
clear epoch 298/400 train_acc=92.6546
clear epoch 299/400 train_acc=92.5258
clear epoch 300/400 train_acc=92.5258
clear epoch 301/400 train_acc=92.9124
clear epoch 302/400 train_acc=92.9124
clear epoch 303/400 train_acc=92.7835
clear epoch 304/400 train_acc=93.0412
clear epoch 305/400 train_acc=92.9124
clear epoch 306/400 train_acc=92.9124
clear epoch 307/400 train_acc=93.1701
clear epoch 308/400 train_acc=93.1701
clear epoch 309/400 train_acc=92.9124
clear epoch 310/400 train_acc=93.0412
clear epoch 311/400 train_acc=93.2990
clear epoch 312/400 train_acc=93.5567
clear epoch 313/400 train_acc=93.6856
clear epoch 314/400 train_acc=93.6856
clear epoch 315/400 train_acc=93.0412
clear epoch 316/400 train_acc=93.1701
clear epoch 317/400 train_acc=93.1701
clear epoch 318/400 train_acc=93.6856
clear epoch 319/400 train_acc=93.9433
clear epoch 320/400 train_acc=93.8144
clear epoch 321/400 train_acc=93.5567
clear epoch 322/400 train_acc=93.5567
clear epoch 323/400 train_acc=93.5567
clear epoch 324/400 train_acc=93.6856
clear epoch 325/400 train_acc=93.6856
clear epoch 326/400 train_acc=93.5567
clear epoch 327/400 train_acc=93.6856
clear epoch 328/400 train_acc=93.6856
clear epoch 329/400 train_acc=93.4278
clear epoch 330/400 train_acc=93.2990
clear epoch 331/400 train_acc=93.6856
clear epoch 332/400 train_acc=94.4588
clear epoch 333/400 train_acc=94.3299
clear epoch 334/400 train_acc=93.8144
clear epoch 335/400 train_acc=93.9433
clear epoch 336/400 train_acc=94.2010
clear epoch 337/400 train_acc=94.0722
clear epoch 338/400 train_acc=93.2990
clear epoch 339/400 train_acc=94.0722
clear epoch 340/400 train_acc=94.5876
clear epoch 341/400 train_acc=94.5876
clear epoch 342/400 train_acc=94.3299
clear epoch 343/400 train_acc=94.0722
clear epoch 344/400 train_acc=94.3299
clear epoch 345/400 train_acc=94.5876
clear epoch 346/400 train_acc=94.4588
clear epoch 347/400 train_acc=94.5876
clear epoch 348/400 train_acc=94.3299
clear epoch 349/400 train_acc=94.3299
clear epoch 350/400 train_acc=94.3299
clear epoch 351/400 train_acc=94.2010
clear epoch 352/400 train_acc=94.2010
clear epoch 353/400 train_acc=94.4588
clear epoch 354/400 train_acc=94.9742
clear epoch 355/400 train_acc=94.7165
clear epoch 356/400 train_acc=94.7165
clear epoch 357/400 train_acc=94.9742
clear epoch 358/400 train_acc=94.8454
clear epoch 359/400 train_acc=94.9742
clear epoch 360/400 train_acc=95.2320
clear epoch 361/400 train_acc=95.2320
clear epoch 362/400 train_acc=95.2320
clear epoch 363/400 train_acc=94.8454
clear epoch 364/400 train_acc=95.2320
clear epoch 365/400 train_acc=95.3608
clear epoch 366/400 train_acc=95.3608
clear epoch 367/400 train_acc=95.2320
clear epoch 368/400 train_acc=95.6186
clear epoch 369/400 train_acc=95.3608
clear epoch 370/400 train_acc=95.3608
clear epoch 371/400 train_acc=95.2320
clear epoch 372/400 train_acc=95.4897
clear epoch 373/400 train_acc=95.3608
clear epoch 374/400 train_acc=95.8763
clear epoch 375/400 train_acc=95.8763
clear epoch 376/400 train_acc=95.4897
clear epoch 377/400 train_acc=96.0052
clear epoch 378/400 train_acc=96.0052
clear epoch 379/400 train_acc=95.8763
clear epoch 380/400 train_acc=95.8763
clear epoch 381/400 train_acc=95.8763
clear epoch 382/400 train_acc=96.0052
clear epoch 383/400 train_acc=95.8763
clear epoch 384/400 train_acc=95.8763
clear epoch 385/400 train_acc=95.8763
clear epoch 386/400 train_acc=96.0052
clear epoch 387/400 train_acc=96.0052
clear epoch 388/400 train_acc=96.0052
clear epoch 389/400 train_acc=96.0052
clear epoch 390/400 train_acc=96.1340
clear epoch 391/400 train_acc=95.8763
clear epoch 392/400 train_acc=95.7474
clear epoch 393/400 train_acc=95.7474
clear epoch 394/400 train_acc=96.1340
clear epoch 395/400 train_acc=96.1340
clear epoch 396/400 train_acc=96.1340
clear epoch 397/400 train_acc=96.0052
clear epoch 398/400 train_acc=96.1340
clear epoch 399/400 train_acc=96.1340
clear epoch 400/400 train_acc=96.1340
saved: Output/reproduction/formal/paper40_clean_wd0.0001/BLCNN_paper40_clean_clear_result.csv
saved: Output/reproduction/formal/paper40_clean_wd0.0001/BLCNN_paper40_clean_clear_result.json
win epoch 1/400 train_acc=72.1649
win epoch 2/400 train_acc=72.1649
win epoch 3/400 train_acc=72.1649
win epoch 4/400 train_acc=72.1649
win epoch 5/400 train_acc=72.1649
win epoch 6/400 train_acc=72.1649
win epoch 7/400 train_acc=72.1649
win epoch 8/400 train_acc=72.1649
win epoch 9/400 train_acc=72.1649
win epoch 10/400 train_acc=72.1649
win epoch 11/400 train_acc=72.1649
win epoch 12/400 train_acc=72.1649
win epoch 13/400 train_acc=72.1649
win epoch 14/400 train_acc=72.1649
win epoch 15/400 train_acc=72.1649
win epoch 16/400 train_acc=72.1649
win epoch 17/400 train_acc=72.0361
win epoch 18/400 train_acc=72.0361
win epoch 19/400 train_acc=72.0361
win epoch 20/400 train_acc=72.0361
win epoch 21/400 train_acc=72.1649
win epoch 22/400 train_acc=72.1649
win epoch 23/400 train_acc=72.1649
win epoch 24/400 train_acc=72.1649
win epoch 25/400 train_acc=72.1649
win epoch 26/400 train_acc=72.0361
win epoch 27/400 train_acc=72.1649
win epoch 28/400 train_acc=72.1649
win epoch 29/400 train_acc=72.0361
win epoch 30/400 train_acc=72.1649
win epoch 31/400 train_acc=72.1649
win epoch 32/400 train_acc=72.1649
win epoch 33/400 train_acc=72.0361
win epoch 34/400 train_acc=72.0361
win epoch 35/400 train_acc=72.1649
win epoch 36/400 train_acc=72.2938
win epoch 37/400 train_acc=72.2938
win epoch 38/400 train_acc=72.2938
win epoch 39/400 train_acc=72.2938
win epoch 40/400 train_acc=72.6804
win epoch 41/400 train_acc=73.0670
win epoch 42/400 train_acc=74.2268
win epoch 43/400 train_acc=74.0979
win epoch 44/400 train_acc=73.8402
win epoch 45/400 train_acc=73.8402
win epoch 46/400 train_acc=74.3557
win epoch 47/400 train_acc=74.4845
win epoch 48/400 train_acc=74.3557
win epoch 49/400 train_acc=74.3557
win epoch 50/400 train_acc=74.4845
win epoch 51/400 train_acc=74.6134
win epoch 52/400 train_acc=74.8711
win epoch 53/400 train_acc=75.1289
win epoch 54/400 train_acc=75.5155
win epoch 55/400 train_acc=75.1289
win epoch 56/400 train_acc=75.5155
win epoch 57/400 train_acc=75.2577
win epoch 58/400 train_acc=75.9021
win epoch 59/400 train_acc=75.2577
win epoch 60/400 train_acc=75.6443
win epoch 61/400 train_acc=75.9021
win epoch 62/400 train_acc=76.0309
win epoch 63/400 train_acc=76.2887
win epoch 64/400 train_acc=76.5464
win epoch 65/400 train_acc=76.6753
win epoch 66/400 train_acc=76.8041
win epoch 67/400 train_acc=77.4485
win epoch 68/400 train_acc=77.3196
win epoch 69/400 train_acc=76.6753
win epoch 70/400 train_acc=76.8041
win epoch 71/400 train_acc=76.6753
win epoch 72/400 train_acc=76.6753
win epoch 73/400 train_acc=76.9330
win epoch 74/400 train_acc=77.0619
win epoch 75/400 train_acc=77.8351
win epoch 76/400 train_acc=78.3505
win epoch 77/400 train_acc=78.3505
win epoch 78/400 train_acc=78.0928
win epoch 79/400 train_acc=78.0928
win epoch 80/400 train_acc=77.8351
win epoch 81/400 train_acc=77.8351
win epoch 82/400 train_acc=78.2216
win epoch 83/400 train_acc=78.8660
win epoch 84/400 train_acc=78.8660
win epoch 85/400 train_acc=78.6082
win epoch 86/400 train_acc=78.4794
win epoch 87/400 train_acc=79.1237
win epoch 88/400 train_acc=78.9948
win epoch 89/400 train_acc=79.5103
win epoch 90/400 train_acc=79.5103
win epoch 91/400 train_acc=79.8969
win epoch 92/400 train_acc=79.6392
win epoch 93/400 train_acc=79.8969
win epoch 94/400 train_acc=80.0258
win epoch 95/400 train_acc=80.1546
win epoch 96/400 train_acc=80.0258
win epoch 97/400 train_acc=80.2835
win epoch 98/400 train_acc=80.4124
win epoch 99/400 train_acc=80.2835
win epoch 100/400 train_acc=80.5412
win epoch 101/400 train_acc=80.6701
win epoch 102/400 train_acc=80.9278
win epoch 103/400 train_acc=80.5412
win epoch 104/400 train_acc=80.5412
win epoch 105/400 train_acc=80.6701
win epoch 106/400 train_acc=81.3144
win epoch 107/400 train_acc=81.3144
win epoch 108/400 train_acc=81.3144
win epoch 109/400 train_acc=80.5412
win epoch 110/400 train_acc=81.1856
win epoch 111/400 train_acc=81.4433
win epoch 112/400 train_acc=81.4433
win epoch 113/400 train_acc=81.4433
win epoch 114/400 train_acc=81.5722
win epoch 115/400 train_acc=81.5722
win epoch 116/400 train_acc=81.4433
win epoch 117/400 train_acc=81.5722
win epoch 118/400 train_acc=81.7010
win epoch 119/400 train_acc=81.7010
win epoch 120/400 train_acc=81.8299
win epoch 121/400 train_acc=81.7010
win epoch 122/400 train_acc=81.8299
win epoch 123/400 train_acc=81.8299
win epoch 124/400 train_acc=81.8299
win epoch 125/400 train_acc=81.9588
win epoch 126/400 train_acc=81.9588
win epoch 127/400 train_acc=81.9588
win epoch 128/400 train_acc=81.8299
win epoch 129/400 train_acc=81.9588
win epoch 130/400 train_acc=81.9588
win epoch 131/400 train_acc=82.0876
win epoch 132/400 train_acc=82.4742
win epoch 133/400 train_acc=81.9588
win epoch 134/400 train_acc=82.6031
win epoch 135/400 train_acc=82.2165
win epoch 136/400 train_acc=82.3454
win epoch 137/400 train_acc=82.4742
win epoch 138/400 train_acc=82.4742
win epoch 139/400 train_acc=82.2165
win epoch 140/400 train_acc=82.6031
win epoch 141/400 train_acc=82.3454
win epoch 142/400 train_acc=82.7320
win epoch 143/400 train_acc=82.6031
win epoch 144/400 train_acc=82.6031
win epoch 145/400 train_acc=82.9897
win epoch 146/400 train_acc=82.7320
win epoch 147/400 train_acc=82.7320
win epoch 148/400 train_acc=82.9897
win epoch 149/400 train_acc=82.8608
win epoch 150/400 train_acc=82.8608
win epoch 151/400 train_acc=82.7320
win epoch 152/400 train_acc=82.7320
win epoch 153/400 train_acc=82.9897
win epoch 154/400 train_acc=82.8608
win epoch 155/400 train_acc=82.9897
win epoch 156/400 train_acc=83.1186
win epoch 157/400 train_acc=83.3763
win epoch 158/400 train_acc=82.9897
win epoch 159/400 train_acc=82.9897
win epoch 160/400 train_acc=82.9897
win epoch 161/400 train_acc=83.1186
win epoch 162/400 train_acc=82.9897
win epoch 163/400 train_acc=82.9897
win epoch 164/400 train_acc=82.9897
win epoch 165/400 train_acc=83.1186
win epoch 166/400 train_acc=83.2474
win epoch 167/400 train_acc=83.2474
win epoch 168/400 train_acc=83.1186
win epoch 169/400 train_acc=83.3763
win epoch 170/400 train_acc=83.7629
win epoch 171/400 train_acc=83.2474
win epoch 172/400 train_acc=83.1186
win epoch 173/400 train_acc=83.2474
win epoch 174/400 train_acc=83.8918
win epoch 175/400 train_acc=83.6340
win epoch 176/400 train_acc=83.8918
win epoch 177/400 train_acc=83.2474
win epoch 178/400 train_acc=83.6340
win epoch 179/400 train_acc=83.8918
win epoch 180/400 train_acc=83.8918
win epoch 181/400 train_acc=84.1495
win epoch 182/400 train_acc=84.7938
win epoch 183/400 train_acc=84.1495
win epoch 184/400 train_acc=83.8918
win epoch 185/400 train_acc=83.8918
win epoch 186/400 train_acc=84.2784
win epoch 187/400 train_acc=84.1495
win epoch 188/400 train_acc=84.4072
win epoch 189/400 train_acc=84.1495
win epoch 190/400 train_acc=84.2784
win epoch 191/400 train_acc=84.6649
win epoch 192/400 train_acc=84.6649
win epoch 193/400 train_acc=84.6649
win epoch 194/400 train_acc=84.1495
win epoch 195/400 train_acc=84.4072
win epoch 196/400 train_acc=84.6649
win epoch 197/400 train_acc=85.0515
win epoch 198/400 train_acc=84.5361
win epoch 199/400 train_acc=83.8918
win epoch 200/400 train_acc=84.4072
win epoch 201/400 train_acc=84.6649
win epoch 202/400 train_acc=84.6649
win epoch 203/400 train_acc=84.6649
win epoch 204/400 train_acc=84.4072
win epoch 205/400 train_acc=84.2784
win epoch 206/400 train_acc=84.2784
win epoch 207/400 train_acc=84.4072
win epoch 208/400 train_acc=84.7938
win epoch 209/400 train_acc=84.9227
win epoch 210/400 train_acc=84.7938
win epoch 211/400 train_acc=84.7938
win epoch 212/400 train_acc=84.5361
win epoch 213/400 train_acc=84.6649
win epoch 214/400 train_acc=84.9227
win epoch 215/400 train_acc=85.0515
win epoch 216/400 train_acc=85.4381
win epoch 217/400 train_acc=85.4381
win epoch 218/400 train_acc=84.5361
win epoch 219/400 train_acc=84.6649
win epoch 220/400 train_acc=84.9227
win epoch 221/400 train_acc=85.3093
win epoch 222/400 train_acc=85.5670
win epoch 223/400 train_acc=85.3093
win epoch 224/400 train_acc=85.5670
win epoch 225/400 train_acc=85.6959
win epoch 226/400 train_acc=85.9536
win epoch 227/400 train_acc=85.5670
win epoch 228/400 train_acc=85.4381
win epoch 229/400 train_acc=85.6959
win epoch 230/400 train_acc=85.8247
win epoch 231/400 train_acc=85.6959
win epoch 232/400 train_acc=85.6959
win epoch 233/400 train_acc=85.6959
win epoch 234/400 train_acc=85.4381
win epoch 235/400 train_acc=85.5670
win epoch 236/400 train_acc=86.4691
win epoch 237/400 train_acc=86.4691
win epoch 238/400 train_acc=85.9536
win epoch 239/400 train_acc=85.6959
win epoch 240/400 train_acc=85.8247
win epoch 241/400 train_acc=86.0825
win epoch 242/400 train_acc=86.7268
win epoch 243/400 train_acc=85.9536
win epoch 244/400 train_acc=85.8247
win epoch 245/400 train_acc=85.5670
win epoch 246/400 train_acc=86.0825
win epoch 247/400 train_acc=86.2113
win epoch 248/400 train_acc=86.0825
win epoch 249/400 train_acc=86.5979
win epoch 250/400 train_acc=86.7268
win epoch 251/400 train_acc=86.7268
win epoch 252/400 train_acc=86.5979
win epoch 253/400 train_acc=86.3402
win epoch 254/400 train_acc=86.3402
win epoch 255/400 train_acc=86.4691
win epoch 256/400 train_acc=86.8557
win epoch 257/400 train_acc=87.7577
win epoch 258/400 train_acc=87.7577
win epoch 259/400 train_acc=87.7577
win epoch 260/400 train_acc=87.8866
win epoch 261/400 train_acc=87.2423
win epoch 262/400 train_acc=87.3711
win epoch 263/400 train_acc=88.0155
win epoch 264/400 train_acc=87.7577
win epoch 265/400 train_acc=87.8866
win epoch 266/400 train_acc=87.7577
win epoch 267/400 train_acc=88.0155
win epoch 268/400 train_acc=87.5000
win epoch 269/400 train_acc=86.9845
win epoch 270/400 train_acc=87.2423
win epoch 271/400 train_acc=88.5309
win epoch 272/400 train_acc=88.1443
win epoch 273/400 train_acc=88.0155
win epoch 274/400 train_acc=87.8866
win epoch 275/400 train_acc=88.5309
win epoch 276/400 train_acc=89.3041
win epoch 277/400 train_acc=88.1443
win epoch 278/400 train_acc=87.5000
win epoch 279/400 train_acc=87.8866
win epoch 280/400 train_acc=89.0464
win epoch 281/400 train_acc=89.0464
win epoch 282/400 train_acc=88.9175
win epoch 283/400 train_acc=89.0464
win epoch 284/400 train_acc=89.0464
win epoch 285/400 train_acc=89.5619
win epoch 286/400 train_acc=89.3041
win epoch 287/400 train_acc=89.1753
win epoch 288/400 train_acc=88.9175
win epoch 289/400 train_acc=88.5309
win epoch 290/400 train_acc=88.5309
win epoch 291/400 train_acc=88.4021
win epoch 292/400 train_acc=88.7887
win epoch 293/400 train_acc=88.7887
win epoch 294/400 train_acc=88.7887
win epoch 295/400 train_acc=89.5619
win epoch 296/400 train_acc=89.8196
win epoch 297/400 train_acc=89.4330
win epoch 298/400 train_acc=89.9485
win epoch 299/400 train_acc=89.6907
win epoch 300/400 train_acc=89.9485
win epoch 301/400 train_acc=89.9485
win epoch 302/400 train_acc=90.2062
win epoch 303/400 train_acc=90.3351
win epoch 304/400 train_acc=90.2062
win epoch 305/400 train_acc=90.3351
win epoch 306/400 train_acc=90.4639
win epoch 307/400 train_acc=90.3351
win epoch 308/400 train_acc=90.0773
win epoch 309/400 train_acc=89.6907
win epoch 310/400 train_acc=89.5619
win epoch 311/400 train_acc=90.3351
win epoch 312/400 train_acc=90.7216
win epoch 313/400 train_acc=90.8505
win epoch 314/400 train_acc=91.1082
win epoch 315/400 train_acc=90.3351
win epoch 316/400 train_acc=89.3041
win epoch 317/400 train_acc=89.3041
win epoch 318/400 train_acc=90.2062
win epoch 319/400 train_acc=90.7216
win epoch 320/400 train_acc=91.2371
win epoch 321/400 train_acc=90.8505
win epoch 322/400 train_acc=90.7216
win epoch 323/400 train_acc=90.7216
win epoch 324/400 train_acc=90.8505
win epoch 325/400 train_acc=91.2371
win epoch 326/400 train_acc=91.2371
win epoch 327/400 train_acc=90.9794
win epoch 328/400 train_acc=90.7216
win epoch 329/400 train_acc=91.1082
win epoch 330/400 train_acc=91.1082
win epoch 331/400 train_acc=91.2371
win epoch 332/400 train_acc=91.2371
win epoch 333/400 train_acc=91.1082
win epoch 334/400 train_acc=91.2371
win epoch 335/400 train_acc=91.2371
win epoch 336/400 train_acc=91.4948
win epoch 337/400 train_acc=91.3660
win epoch 338/400 train_acc=90.8505
win epoch 339/400 train_acc=91.2371
win epoch 340/400 train_acc=91.3660
win epoch 341/400 train_acc=91.6237
win epoch 342/400 train_acc=91.7526
win epoch 343/400 train_acc=91.6237
win epoch 344/400 train_acc=91.4948
win epoch 345/400 train_acc=91.4948
win epoch 346/400 train_acc=91.4948
win epoch 347/400 train_acc=91.4948
win epoch 348/400 train_acc=91.4948
win epoch 349/400 train_acc=91.6237
win epoch 350/400 train_acc=91.4948
win epoch 351/400 train_acc=91.3660
win epoch 352/400 train_acc=91.3660
win epoch 353/400 train_acc=91.4948
win epoch 354/400 train_acc=91.6237
win epoch 355/400 train_acc=91.4948
win epoch 356/400 train_acc=91.6237
win epoch 357/400 train_acc=91.4948
win epoch 358/400 train_acc=91.6237
win epoch 359/400 train_acc=91.7526
win epoch 360/400 train_acc=92.0103
win epoch 361/400 train_acc=92.0103
win epoch 362/400 train_acc=92.0103
win epoch 363/400 train_acc=91.7526
win epoch 364/400 train_acc=91.8814
win epoch 365/400 train_acc=91.8814
win epoch 366/400 train_acc=91.8814
win epoch 367/400 train_acc=91.8814
win epoch 368/400 train_acc=92.0103
win epoch 369/400 train_acc=92.0103
win epoch 370/400 train_acc=91.7526
win epoch 371/400 train_acc=92.0103
win epoch 372/400 train_acc=92.1392
win epoch 373/400 train_acc=92.1392
win epoch 374/400 train_acc=92.1392
win epoch 375/400 train_acc=92.1392
win epoch 376/400 train_acc=92.1392
win epoch 377/400 train_acc=92.1392
win epoch 378/400 train_acc=92.2680
win epoch 379/400 train_acc=92.1392
win epoch 380/400 train_acc=92.1392
win epoch 381/400 train_acc=92.1392
win epoch 382/400 train_acc=92.1392
win epoch 383/400 train_acc=92.1392
win epoch 384/400 train_acc=92.1392
win epoch 385/400 train_acc=92.1392
win epoch 386/400 train_acc=92.2680
win epoch 387/400 train_acc=92.3969
win epoch 388/400 train_acc=92.3969
win epoch 389/400 train_acc=92.3969
win epoch 390/400 train_acc=92.1392
win epoch 391/400 train_acc=92.2680
win epoch 392/400 train_acc=92.1392
win epoch 393/400 train_acc=92.1392
win epoch 394/400 train_acc=92.2680
win epoch 395/400 train_acc=92.1392
win epoch 396/400 train_acc=92.2680
win epoch 397/400 train_acc=93.0412
win epoch 398/400 train_acc=93.1701
win epoch 399/400 train_acc=93.1701
win epoch 400/400 train_acc=93.2990
saved: Output/reproduction/formal/paper40_clean_wd0.0001/BLCNN_paper40_clean_win_result.csv
saved: Output/reproduction/formal/paper40_clean_wd0.0001/BLCNN_paper40_clean_win_result.json
potted_after_break epoch 1/400 train_acc=7.3454
potted_after_break epoch 2/400 train_acc=14.1753
potted_after_break epoch 3/400 train_acc=23.7113
potted_after_break epoch 4/400 train_acc=30.4124
potted_after_break epoch 5/400 train_acc=33.7629
potted_after_break epoch 6/400 train_acc=34.0206
potted_after_break epoch 7/400 train_acc=34.2784
potted_after_break epoch 8/400 train_acc=34.2784
potted_after_break epoch 9/400 train_acc=34.6649
potted_after_break epoch 10/400 train_acc=34.7938
potted_after_break epoch 11/400 train_acc=34.6649
potted_after_break epoch 12/400 train_acc=34.6649
potted_after_break epoch 13/400 train_acc=34.5361
potted_after_break epoch 14/400 train_acc=34.5361
potted_after_break epoch 15/400 train_acc=34.7938
potted_after_break epoch 16/400 train_acc=34.6649
potted_after_break epoch 17/400 train_acc=35.1804
potted_after_break epoch 18/400 train_acc=35.4381
potted_after_break epoch 19/400 train_acc=35.9536
potted_after_break epoch 20/400 train_acc=36.4691
potted_after_break epoch 21/400 train_acc=36.5979
potted_after_break epoch 22/400 train_acc=37.1134
potted_after_break epoch 23/400 train_acc=37.6289
potted_after_break epoch 24/400 train_acc=38.9175
potted_after_break epoch 25/400 train_acc=40.0773
potted_after_break epoch 26/400 train_acc=40.5928
potted_after_break epoch 27/400 train_acc=41.1082
potted_after_break epoch 28/400 train_acc=42.3969
potted_after_break epoch 29/400 train_acc=45.6186
potted_after_break epoch 30/400 train_acc=46.2629
potted_after_break epoch 31/400 train_acc=47.0361
potted_after_break epoch 32/400 train_acc=47.8093
potted_after_break epoch 33/400 train_acc=47.9381
potted_after_break epoch 34/400 train_acc=47.6804
potted_after_break epoch 35/400 train_acc=48.0670
potted_after_break epoch 36/400 train_acc=48.5825
potted_after_break epoch 37/400 train_acc=49.0979
potted_after_break epoch 38/400 train_acc=50.0000
potted_after_break epoch 39/400 train_acc=50.2577
potted_after_break epoch 40/400 train_acc=50.6443
potted_after_break epoch 41/400 train_acc=51.2887
potted_after_break epoch 42/400 train_acc=52.1907
potted_after_break epoch 43/400 train_acc=52.7062
potted_after_break epoch 44/400 train_acc=52.9639
potted_after_break epoch 45/400 train_acc=53.3505
potted_after_break epoch 46/400 train_acc=53.7371
potted_after_break epoch 47/400 train_acc=53.8660
potted_after_break epoch 48/400 train_acc=54.2526
potted_after_break epoch 49/400 train_acc=54.3814
potted_after_break epoch 50/400 train_acc=55.0258
potted_after_break epoch 51/400 train_acc=56.1856
potted_after_break epoch 52/400 train_acc=56.8299
potted_after_break epoch 53/400 train_acc=56.9588
potted_after_break epoch 54/400 train_acc=57.2165
potted_after_break epoch 55/400 train_acc=57.4742
potted_after_break epoch 56/400 train_acc=57.8608
potted_after_break epoch 57/400 train_acc=58.8918
potted_after_break epoch 58/400 train_acc=59.5361
potted_after_break epoch 59/400 train_acc=59.9227
potted_after_break epoch 60/400 train_acc=59.5361
potted_after_break epoch 61/400 train_acc=59.1495
potted_after_break epoch 62/400 train_acc=59.5361
potted_after_break epoch 63/400 train_acc=59.5361
potted_after_break epoch 64/400 train_acc=59.4072
potted_after_break epoch 65/400 train_acc=59.7938
potted_after_break epoch 66/400 train_acc=60.5670
potted_after_break epoch 67/400 train_acc=60.8247
potted_after_break epoch 68/400 train_acc=61.7268
potted_after_break epoch 69/400 train_acc=62.1134
potted_after_break epoch 70/400 train_acc=62.3711
potted_after_break epoch 71/400 train_acc=62.5000
potted_after_break epoch 72/400 train_acc=62.1134
potted_after_break epoch 73/400 train_acc=61.9845
potted_after_break epoch 74/400 train_acc=62.3711
potted_after_break epoch 75/400 train_acc=62.8866
potted_after_break epoch 76/400 train_acc=62.7577
potted_after_break epoch 77/400 train_acc=62.7577
potted_after_break epoch 78/400 train_acc=63.0155
potted_after_break epoch 79/400 train_acc=63.7887
potted_after_break epoch 80/400 train_acc=63.7887
potted_after_break epoch 81/400 train_acc=63.4021
potted_after_break epoch 82/400 train_acc=63.2732
potted_after_break epoch 83/400 train_acc=63.4021
potted_after_break epoch 84/400 train_acc=63.6598
potted_after_break epoch 85/400 train_acc=63.9175
potted_after_break epoch 86/400 train_acc=63.9175
potted_after_break epoch 87/400 train_acc=64.0464
potted_after_break epoch 88/400 train_acc=63.5309
potted_after_break epoch 89/400 train_acc=63.6598
potted_after_break epoch 90/400 train_acc=64.0464
potted_after_break epoch 91/400 train_acc=64.3041
potted_after_break epoch 92/400 train_acc=64.1753
potted_after_break epoch 93/400 train_acc=64.3041
potted_after_break epoch 94/400 train_acc=64.3041
potted_after_break epoch 95/400 train_acc=64.0464
potted_after_break epoch 96/400 train_acc=64.0464
potted_after_break epoch 97/400 train_acc=64.1753
potted_after_break epoch 98/400 train_acc=64.4330
potted_after_break epoch 99/400 train_acc=64.4330
potted_after_break epoch 100/400 train_acc=64.4330
potted_after_break epoch 101/400 train_acc=64.6907
potted_after_break epoch 102/400 train_acc=64.6907
potted_after_break epoch 103/400 train_acc=64.6907
potted_after_break epoch 104/400 train_acc=64.6907
potted_after_break epoch 105/400 train_acc=64.4330
potted_after_break epoch 106/400 train_acc=64.5619
potted_after_break epoch 107/400 train_acc=64.6907
potted_after_break epoch 108/400 train_acc=64.9485
potted_after_break epoch 109/400 train_acc=64.8196
potted_after_break epoch 110/400 train_acc=64.8196
potted_after_break epoch 111/400 train_acc=64.8196
potted_after_break epoch 112/400 train_acc=64.8196
potted_after_break epoch 113/400 train_acc=64.9485
potted_after_break epoch 114/400 train_acc=64.8196
potted_after_break epoch 115/400 train_acc=64.9485
potted_after_break epoch 116/400 train_acc=64.9485
potted_after_break epoch 117/400 train_acc=64.9485
potted_after_break epoch 118/400 train_acc=64.8196
potted_after_break epoch 119/400 train_acc=64.8196
potted_after_break epoch 120/400 train_acc=65.2062
potted_after_break epoch 121/400 train_acc=65.2062
potted_after_break epoch 122/400 train_acc=65.0773
potted_after_break epoch 123/400 train_acc=65.3351
potted_after_break epoch 124/400 train_acc=65.3351
potted_after_break epoch 125/400 train_acc=65.2062
potted_after_break epoch 126/400 train_acc=65.3351
potted_after_break epoch 127/400 train_acc=65.3351
potted_after_break epoch 128/400 train_acc=65.3351
potted_after_break epoch 129/400 train_acc=65.3351
potted_after_break epoch 130/400 train_acc=65.3351
potted_after_break epoch 131/400 train_acc=65.3351
potted_after_break epoch 132/400 train_acc=65.5928
potted_after_break epoch 133/400 train_acc=65.3351
potted_after_break epoch 134/400 train_acc=65.2062
potted_after_break epoch 135/400 train_acc=65.3351
potted_after_break epoch 136/400 train_acc=65.3351
potted_after_break epoch 137/400 train_acc=65.4639
potted_after_break epoch 138/400 train_acc=65.8505
potted_after_break epoch 139/400 train_acc=65.9794
potted_after_break epoch 140/400 train_acc=65.8505
potted_after_break epoch 141/400 train_acc=65.8505
potted_after_break epoch 142/400 train_acc=65.9794
potted_after_break epoch 143/400 train_acc=65.9794
potted_after_break epoch 144/400 train_acc=65.8505
potted_after_break epoch 145/400 train_acc=65.9794
potted_after_break epoch 146/400 train_acc=65.8505
potted_after_break epoch 147/400 train_acc=65.8505
potted_after_break epoch 148/400 train_acc=65.8505
potted_after_break epoch 149/400 train_acc=65.8505
potted_after_break epoch 150/400 train_acc=65.8505
potted_after_break epoch 151/400 train_acc=66.1082
potted_after_break epoch 152/400 train_acc=66.1082
potted_after_break epoch 153/400 train_acc=65.5928
potted_after_break epoch 154/400 train_acc=65.9794
potted_after_break epoch 155/400 train_acc=66.1082
potted_after_break epoch 156/400 train_acc=66.3660
potted_after_break epoch 157/400 train_acc=66.3660
potted_after_break epoch 158/400 train_acc=66.2371
potted_after_break epoch 159/400 train_acc=66.2371
potted_after_break epoch 160/400 train_acc=66.1082
potted_after_break epoch 161/400 train_acc=66.2371
potted_after_break epoch 162/400 train_acc=66.1082
potted_after_break epoch 163/400 train_acc=66.2371
potted_after_break epoch 164/400 train_acc=66.4948
potted_after_break epoch 165/400 train_acc=66.3660
potted_after_break epoch 166/400 train_acc=66.3660
potted_after_break epoch 167/400 train_acc=66.2371
potted_after_break epoch 168/400 train_acc=66.3660
potted_after_break epoch 169/400 train_acc=66.4948
potted_after_break epoch 170/400 train_acc=66.6237
potted_after_break epoch 171/400 train_acc=66.4948
potted_after_break epoch 172/400 train_acc=66.4948
potted_after_break epoch 173/400 train_acc=66.4948
potted_after_break epoch 174/400 train_acc=66.3660
potted_after_break epoch 175/400 train_acc=66.4948
potted_after_break epoch 176/400 train_acc=66.4948
potted_after_break epoch 177/400 train_acc=66.6237
potted_after_break epoch 178/400 train_acc=66.4948
potted_after_break epoch 179/400 train_acc=66.7526
potted_after_break epoch 180/400 train_acc=66.8814
potted_after_break epoch 181/400 train_acc=66.7526
potted_after_break epoch 182/400 train_acc=66.7526
potted_after_break epoch 183/400 train_acc=66.7526
potted_after_break epoch 184/400 train_acc=66.8814
potted_after_break epoch 185/400 train_acc=66.8814
potted_after_break epoch 186/400 train_acc=67.0103
potted_after_break epoch 187/400 train_acc=67.1392
potted_after_break epoch 188/400 train_acc=67.1392
potted_after_break epoch 189/400 train_acc=67.3969
potted_after_break epoch 190/400 train_acc=67.3969
potted_after_break epoch 191/400 train_acc=67.3969
potted_after_break epoch 192/400 train_acc=67.3969
potted_after_break epoch 193/400 train_acc=67.2680
potted_after_break epoch 194/400 train_acc=67.2680
potted_after_break epoch 195/400 train_acc=67.3969
potted_after_break epoch 196/400 train_acc=67.3969
potted_after_break epoch 197/400 train_acc=67.3969
potted_after_break epoch 198/400 train_acc=67.3969
potted_after_break epoch 199/400 train_acc=66.8814
potted_after_break epoch 200/400 train_acc=67.0103
potted_after_break epoch 201/400 train_acc=67.3969
potted_after_break epoch 202/400 train_acc=67.3969
potted_after_break epoch 203/400 train_acc=67.2680
potted_after_break epoch 204/400 train_acc=67.2680
potted_after_break epoch 205/400 train_acc=67.1392
potted_after_break epoch 206/400 train_acc=67.2680
potted_after_break epoch 207/400 train_acc=67.2680
potted_after_break epoch 208/400 train_acc=67.5258
potted_after_break epoch 209/400 train_acc=67.5258
potted_after_break epoch 210/400 train_acc=67.5258
potted_after_break epoch 211/400 train_acc=67.3969
potted_after_break epoch 212/400 train_acc=67.5258
potted_after_break epoch 213/400 train_acc=67.3969
potted_after_break epoch 214/400 train_acc=67.0103
potted_after_break epoch 215/400 train_acc=67.0103
potted_after_break epoch 216/400 train_acc=67.2680
potted_after_break epoch 217/400 train_acc=67.3969
potted_after_break epoch 218/400 train_acc=67.3969
potted_after_break epoch 219/400 train_acc=67.2680
potted_after_break epoch 220/400 train_acc=67.2680
potted_after_break epoch 221/400 train_acc=67.5258
potted_after_break epoch 222/400 train_acc=67.3969
potted_after_break epoch 223/400 train_acc=67.3969
potted_after_break epoch 224/400 train_acc=67.5258
potted_after_break epoch 225/400 train_acc=68.0412
potted_after_break epoch 226/400 train_acc=67.9124
potted_after_break epoch 227/400 train_acc=67.9124
potted_after_break epoch 228/400 train_acc=68.1701
potted_after_break epoch 229/400 train_acc=67.9124
potted_after_break epoch 230/400 train_acc=68.1701
potted_after_break epoch 231/400 train_acc=68.1701
potted_after_break epoch 232/400 train_acc=68.1701
potted_after_break epoch 233/400 train_acc=67.9124
potted_after_break epoch 234/400 train_acc=67.9124
potted_after_break epoch 235/400 train_acc=67.9124
potted_after_break epoch 236/400 train_acc=67.9124
potted_after_break epoch 237/400 train_acc=68.4278
potted_after_break epoch 238/400 train_acc=68.2990
potted_after_break epoch 239/400 train_acc=68.1701
potted_after_break epoch 240/400 train_acc=68.5567
potted_after_break epoch 241/400 train_acc=68.4278
potted_after_break epoch 242/400 train_acc=68.5567
potted_after_break epoch 243/400 train_acc=68.2990
potted_after_break epoch 244/400 train_acc=68.2990
potted_after_break epoch 245/400 train_acc=68.1701
potted_after_break epoch 246/400 train_acc=68.5567
potted_after_break epoch 247/400 train_acc=68.4278
potted_after_break epoch 248/400 train_acc=68.6856
potted_after_break epoch 249/400 train_acc=68.9433
potted_after_break epoch 250/400 train_acc=68.6856
potted_after_break epoch 251/400 train_acc=68.9433
potted_after_break epoch 252/400 train_acc=68.8144
potted_after_break epoch 253/400 train_acc=68.8144
potted_after_break epoch 254/400 train_acc=68.6856
potted_after_break epoch 255/400 train_acc=68.6856
potted_after_break epoch 256/400 train_acc=68.8144
potted_after_break epoch 257/400 train_acc=68.8144
potted_after_break epoch 258/400 train_acc=69.2010
potted_after_break epoch 259/400 train_acc=69.0722
potted_after_break epoch 260/400 train_acc=69.0722
potted_after_break epoch 261/400 train_acc=69.0722
potted_after_break epoch 262/400 train_acc=69.2010
potted_after_break epoch 263/400 train_acc=69.2010
potted_after_break epoch 264/400 train_acc=68.8144
potted_after_break epoch 265/400 train_acc=68.8144
potted_after_break epoch 266/400 train_acc=68.9433
potted_after_break epoch 267/400 train_acc=68.8144
potted_after_break epoch 268/400 train_acc=68.9433
potted_after_break epoch 269/400 train_acc=68.9433
potted_after_break epoch 270/400 train_acc=68.9433
potted_after_break epoch 271/400 train_acc=69.0722
potted_after_break epoch 272/400 train_acc=69.2010
potted_after_break epoch 273/400 train_acc=68.9433
potted_after_break epoch 274/400 train_acc=69.0722
potted_after_break epoch 275/400 train_acc=69.2010
potted_after_break epoch 276/400 train_acc=69.0722
potted_after_break epoch 277/400 train_acc=69.3299
potted_after_break epoch 278/400 train_acc=69.3299
potted_after_break epoch 279/400 train_acc=69.0722
potted_after_break epoch 280/400 train_acc=69.4588
potted_after_break epoch 281/400 train_acc=69.4588
potted_after_break epoch 282/400 train_acc=69.2010
potted_after_break epoch 283/400 train_acc=69.4588
potted_after_break epoch 284/400 train_acc=69.4588
potted_after_break epoch 285/400 train_acc=69.5876
potted_after_break epoch 286/400 train_acc=69.7165
potted_after_break epoch 287/400 train_acc=69.7165
potted_after_break epoch 288/400 train_acc=69.5876
potted_after_break epoch 289/400 train_acc=69.5876
potted_after_break epoch 290/400 train_acc=69.5876
potted_after_break epoch 291/400 train_acc=69.5876
potted_after_break epoch 292/400 train_acc=69.5876
potted_after_break epoch 293/400 train_acc=69.5876
potted_after_break epoch 294/400 train_acc=69.5876
potted_after_break epoch 295/400 train_acc=69.5876
potted_after_break epoch 296/400 train_acc=69.7165
potted_after_break epoch 297/400 train_acc=69.5876
potted_after_break epoch 298/400 train_acc=69.4588
potted_after_break epoch 299/400 train_acc=69.4588
potted_after_break epoch 300/400 train_acc=69.8454
potted_after_break epoch 301/400 train_acc=69.8454
potted_after_break epoch 302/400 train_acc=69.9742
potted_after_break epoch 303/400 train_acc=70.1031
potted_after_break epoch 304/400 train_acc=70.1031
potted_after_break epoch 305/400 train_acc=70.1031
potted_after_break epoch 306/400 train_acc=69.9742
potted_after_break epoch 307/400 train_acc=69.9742
potted_after_break epoch 308/400 train_acc=70.1031
potted_after_break epoch 309/400 train_acc=70.1031
potted_after_break epoch 310/400 train_acc=69.9742
potted_after_break epoch 311/400 train_acc=69.9742
potted_after_break epoch 312/400 train_acc=69.9742
potted_after_break epoch 313/400 train_acc=70.2320
potted_after_break epoch 314/400 train_acc=70.2320
potted_after_break epoch 315/400 train_acc=69.9742
potted_after_break epoch 316/400 train_acc=69.8454
potted_after_break epoch 317/400 train_acc=70.1031
potted_after_break epoch 318/400 train_acc=70.1031
potted_after_break epoch 319/400 train_acc=69.9742
potted_after_break epoch 320/400 train_acc=70.1031
potted_after_break epoch 321/400 train_acc=70.4897
potted_after_break epoch 322/400 train_acc=70.6186
potted_after_break epoch 323/400 train_acc=70.6186
potted_after_break epoch 324/400 train_acc=70.4897
potted_after_break epoch 325/400 train_acc=70.6186
potted_after_break epoch 326/400 train_acc=70.6186
potted_after_break epoch 327/400 train_acc=70.8763
potted_after_break epoch 328/400 train_acc=70.7474
potted_after_break epoch 329/400 train_acc=70.8763
potted_after_break epoch 330/400 train_acc=70.7474
potted_after_break epoch 331/400 train_acc=70.7474
potted_after_break epoch 332/400 train_acc=71.0052
potted_after_break epoch 333/400 train_acc=70.8763
potted_after_break epoch 334/400 train_acc=71.0052
potted_after_break epoch 335/400 train_acc=71.3918
potted_after_break epoch 336/400 train_acc=71.2629
potted_after_break epoch 337/400 train_acc=71.2629
potted_after_break epoch 338/400 train_acc=70.7474
potted_after_break epoch 339/400 train_acc=70.8763
potted_after_break epoch 340/400 train_acc=71.0052
potted_after_break epoch 341/400 train_acc=71.5206
potted_after_break epoch 342/400 train_acc=71.3918
potted_after_break epoch 343/400 train_acc=71.3918
potted_after_break epoch 344/400 train_acc=71.6495
potted_after_break epoch 345/400 train_acc=71.6495
potted_after_break epoch 346/400 train_acc=71.5206
potted_after_break epoch 347/400 train_acc=71.3918
potted_after_break epoch 348/400 train_acc=71.2629
potted_after_break epoch 349/400 train_acc=71.2629
potted_after_break epoch 350/400 train_acc=71.7784
potted_after_break epoch 351/400 train_acc=71.9072
potted_after_break epoch 352/400 train_acc=71.2629
potted_after_break epoch 353/400 train_acc=71.2629
potted_after_break epoch 354/400 train_acc=71.5206
potted_after_break epoch 355/400 train_acc=71.6495
potted_after_break epoch 356/400 train_acc=71.6495
potted_after_break epoch 357/400 train_acc=71.6495
potted_after_break epoch 358/400 train_acc=71.6495
potted_after_break epoch 359/400 train_acc=71.7784
potted_after_break epoch 360/400 train_acc=71.5206
potted_after_break epoch 361/400 train_acc=71.5206
potted_after_break epoch 362/400 train_acc=71.6495
potted_after_break epoch 363/400 train_acc=71.7784
potted_after_break epoch 364/400 train_acc=71.7784
potted_after_break epoch 365/400 train_acc=71.9072
potted_after_break epoch 366/400 train_acc=71.9072
potted_after_break epoch 367/400 train_acc=72.0361
potted_after_break epoch 368/400 train_acc=71.9072
potted_after_break epoch 369/400 train_acc=71.9072
potted_after_break epoch 370/400 train_acc=71.9072
potted_after_break epoch 371/400 train_acc=72.0361
potted_after_break epoch 372/400 train_acc=71.9072
potted_after_break epoch 373/400 train_acc=72.1649
potted_after_break epoch 374/400 train_acc=72.2938
potted_after_break epoch 375/400 train_acc=72.2938
potted_after_break epoch 376/400 train_acc=72.2938
potted_after_break epoch 377/400 train_acc=72.4227
potted_after_break epoch 378/400 train_acc=72.1649
potted_after_break epoch 379/400 train_acc=72.1649
potted_after_break epoch 380/400 train_acc=72.1649
potted_after_break epoch 381/400 train_acc=72.1649
potted_after_break epoch 382/400 train_acc=72.2938
potted_after_break epoch 383/400 train_acc=72.2938
potted_after_break epoch 384/400 train_acc=72.1649
potted_after_break epoch 385/400 train_acc=72.5515
potted_after_break epoch 386/400 train_acc=72.5515
potted_after_break epoch 387/400 train_acc=72.4227
potted_after_break epoch 388/400 train_acc=72.5515
potted_after_break epoch 389/400 train_acc=72.6804
potted_after_break epoch 390/400 train_acc=72.5515
potted_after_break epoch 391/400 train_acc=72.5515
potted_after_break epoch 392/400 train_acc=72.6804
potted_after_break epoch 393/400 train_acc=72.6804
potted_after_break epoch 394/400 train_acc=72.9381
potted_after_break epoch 395/400 train_acc=73.0670
potted_after_break epoch 396/400 train_acc=72.6804
potted_after_break epoch 397/400 train_acc=72.9381
potted_after_break epoch 398/400 train_acc=72.6804
potted_after_break epoch 399/400 train_acc=72.5515
potted_after_break epoch 400/400 train_acc=72.8093
saved: Output/reproduction/formal/paper40_clean_wd0.0001/BLCNN_paper40_clean_potted_after_break_result.csv
saved: Output/reproduction/formal/paper40_clean_wd0.0001/BLCNN_paper40_clean_potted_after_break_result.json
summary: Output/reproduction/formal/paper40_clean_wd0.0001/BLCNN_paper40_clean_summary_20260706_014129.csv
