device: cuda
processed_path: Output/reproduction/billiards_layout_paper40.pt
protocol: paper40_clean
models: ['MLP', 'Transformer', 'Attention']
split_sizes: {'train': 776, 'val': 0, 'test': 1164}
protocol_notes: random 40% train and 60% held-out evaluation, matching paper text
MLP clear epoch 25/400 train_acc=55.9278
MLP clear epoch 50/400 train_acc=55.7990
MLP clear epoch 75/400 train_acc=63.5309
MLP clear epoch 100/400 train_acc=62.8866
MLP clear epoch 125/400 train_acc=61.9845
MLP clear epoch 150/400 train_acc=65.7216
MLP clear epoch 175/400 train_acc=67.2680
MLP clear epoch 200/400 train_acc=67.2680
MLP clear epoch 225/400 train_acc=69.7165
MLP clear epoch 250/400 train_acc=71.0052
MLP clear epoch 275/400 train_acc=70.6186
MLP clear epoch 300/400 train_acc=70.1031
MLP clear epoch 325/400 train_acc=72.6804
MLP clear epoch 350/400 train_acc=74.6134
MLP clear epoch 375/400 train_acc=76.0309
MLP clear epoch 400/400 train_acc=73.7113
saved: Output/reproduction/formal_other_methods/paper40_clean_wd0.0001/MLP_paper40_clean_clear_result.csv
saved: Output/reproduction/formal_other_methods/paper40_clean_wd0.0001/MLP_paper40_clean_clear_result.json
MLP win epoch 25/400 train_acc=67.3969
MLP win epoch 50/400 train_acc=68.1701
MLP win epoch 75/400 train_acc=68.5567
MLP win epoch 100/400 train_acc=68.8144
MLP win epoch 125/400 train_acc=71.0052
MLP win epoch 150/400 train_acc=72.1649
MLP win epoch 175/400 train_acc=71.1340
MLP win epoch 200/400 train_acc=73.1959
MLP win epoch 225/400 train_acc=72.8093
MLP win epoch 250/400 train_acc=72.1649
MLP win epoch 275/400 train_acc=73.9691
MLP win epoch 300/400 train_acc=73.0670
MLP win epoch 325/400 train_acc=72.8093
MLP win epoch 350/400 train_acc=73.5825
MLP win epoch 375/400 train_acc=74.2268
MLP win epoch 400/400 train_acc=73.7113
saved: Output/reproduction/formal_other_methods/paper40_clean_wd0.0001/MLP_paper40_clean_win_result.csv
saved: Output/reproduction/formal_other_methods/paper40_clean_wd0.0001/MLP_paper40_clean_win_result.json
MLP potted_after_break epoch 25/400 train_acc=26.9330
MLP potted_after_break epoch 50/400 train_acc=35.0515
MLP potted_after_break epoch 75/400 train_acc=40.7216
MLP potted_after_break epoch 100/400 train_acc=42.0103
MLP potted_after_break epoch 125/400 train_acc=46.5206
MLP potted_after_break epoch 150/400 train_acc=46.9072
MLP potted_after_break epoch 175/400 train_acc=46.6495
MLP potted_after_break epoch 200/400 train_acc=48.7113
MLP potted_after_break epoch 225/400 train_acc=51.2887
MLP potted_after_break epoch 250/400 train_acc=53.3505
MLP potted_after_break epoch 275/400 train_acc=51.5464
MLP potted_after_break epoch 300/400 train_acc=51.5464
MLP potted_after_break epoch 325/400 train_acc=52.9639
MLP potted_after_break epoch 350/400 train_acc=55.1546
MLP potted_after_break epoch 375/400 train_acc=55.7990
MLP potted_after_break epoch 400/400 train_acc=53.6082
saved: Output/reproduction/formal_other_methods/paper40_clean_wd0.0001/MLP_paper40_clean_potted_after_break_result.csv
saved: Output/reproduction/formal_other_methods/paper40_clean_wd0.0001/MLP_paper40_clean_potted_after_break_result.json
Transformer clear epoch 25/400 train_acc=50.9021
Transformer clear epoch 50/400 train_acc=51.5464
Transformer clear epoch 75/400 train_acc=53.8660
Transformer clear epoch 100/400 train_acc=55.1546
Transformer clear epoch 125/400 train_acc=53.7371
Transformer clear epoch 150/400 train_acc=57.6031
Transformer clear epoch 175/400 train_acc=57.4742
Transformer clear epoch 200/400 train_acc=55.4124
Transformer clear epoch 225/400 train_acc=61.0825
Transformer clear epoch 250/400 train_acc=60.1804
Transformer clear epoch 275/400 train_acc=61.5979
Transformer clear epoch 300/400 train_acc=65.0773
Transformer clear epoch 325/400 train_acc=66.4948
Transformer clear epoch 350/400 train_acc=66.8814
Transformer clear epoch 375/400 train_acc=65.0773
Transformer clear epoch 400/400 train_acc=69.3299
saved: Output/reproduction/formal_other_methods/paper40_clean_wd0.0001/Transformer_paper40_clean_clear_result.csv
saved: Output/reproduction/formal_other_methods/paper40_clean_wd0.0001/Transformer_paper40_clean_clear_result.json
Transformer win epoch 25/400 train_acc=72.1649
Transformer win epoch 50/400 train_acc=72.1649
Transformer win epoch 75/400 train_acc=72.4227
Transformer win epoch 100/400 train_acc=71.9072
Transformer win epoch 125/400 train_acc=72.2938
Transformer win epoch 150/400 train_acc=72.0361
Transformer win epoch 175/400 train_acc=72.0361
Transformer win epoch 200/400 train_acc=72.1649
Transformer win epoch 225/400 train_acc=72.1649
Transformer win epoch 250/400 train_acc=72.1649
Transformer win epoch 275/400 train_acc=72.1649
Transformer win epoch 300/400 train_acc=72.1649
Transformer win epoch 325/400 train_acc=72.1649
Transformer win epoch 350/400 train_acc=72.1649
Transformer win epoch 375/400 train_acc=72.2938
Transformer win epoch 400/400 train_acc=72.1649
saved: Output/reproduction/formal_other_methods/paper40_clean_wd0.0001/Transformer_paper40_clean_win_result.csv
saved: Output/reproduction/formal_other_methods/paper40_clean_wd0.0001/Transformer_paper40_clean_win_result.json
Transformer potted_after_break epoch 25/400 train_acc=31.9588
Transformer potted_after_break epoch 50/400 train_acc=33.3763
Transformer potted_after_break epoch 75/400 train_acc=33.5052
Transformer potted_after_break epoch 100/400 train_acc=33.5052
Transformer potted_after_break epoch 125/400 train_acc=33.3763
Transformer potted_after_break epoch 150/400 train_acc=34.7938
Transformer potted_after_break epoch 175/400 train_acc=36.5979
Transformer potted_after_break epoch 200/400 train_acc=35.4381
Transformer potted_after_break epoch 225/400 train_acc=35.0515
Transformer potted_after_break epoch 250/400 train_acc=36.4691
Transformer potted_after_break epoch 275/400 train_acc=38.1443
Transformer potted_after_break epoch 300/400 train_acc=40.8505
Transformer potted_after_break epoch 325/400 train_acc=39.9485
Transformer potted_after_break epoch 350/400 train_acc=42.0103
Transformer potted_after_break epoch 375/400 train_acc=42.5258
Transformer potted_after_break epoch 400/400 train_acc=44.8454
saved: Output/reproduction/formal_other_methods/paper40_clean_wd0.0001/Transformer_paper40_clean_potted_after_break_result.csv
saved: Output/reproduction/formal_other_methods/paper40_clean_wd0.0001/Transformer_paper40_clean_potted_after_break_result.json
Attention clear epoch 25/400 train_acc=47.9381
Attention clear epoch 50/400 train_acc=47.1649
Attention clear epoch 75/400 train_acc=54.2526
Attention clear epoch 100/400 train_acc=65.4639
Attention clear epoch 125/400 train_acc=67.3969
Attention clear epoch 150/400 train_acc=68.4278
Attention clear epoch 175/400 train_acc=68.9433
Attention clear epoch 200/400 train_acc=69.0722
Attention clear epoch 225/400 train_acc=69.2010
Attention clear epoch 250/400 train_acc=69.4588
Attention clear epoch 275/400 train_acc=69.3299
Attention clear epoch 300/400 train_acc=69.2010
Attention clear epoch 325/400 train_acc=69.0722
Attention clear epoch 350/400 train_acc=69.0722
Attention clear epoch 375/400 train_acc=69.4588
Attention clear epoch 400/400 train_acc=69.3299
saved: Output/reproduction/formal_other_methods/paper40_clean_wd0.0001/Attention_paper40_clean_clear_result.csv
saved: Output/reproduction/formal_other_methods/paper40_clean_wd0.0001/Attention_paper40_clean_clear_result.json
Attention win epoch 25/400 train_acc=69.3299
Attention win epoch 50/400 train_acc=71.6495
Attention win epoch 75/400 train_acc=71.3918
Attention win epoch 100/400 train_acc=71.1340
Attention win epoch 125/400 train_acc=71.2629
Attention win epoch 150/400 train_acc=71.5206
Attention win epoch 175/400 train_acc=71.9072
Attention win epoch 200/400 train_acc=72.0361
Attention win epoch 225/400 train_acc=72.1649
Attention win epoch 250/400 train_acc=72.0361
Attention win epoch 275/400 train_acc=72.2938
Attention win epoch 300/400 train_acc=72.0361
Attention win epoch 325/400 train_acc=71.9072
Attention win epoch 350/400 train_acc=71.9072
Attention win epoch 375/400 train_acc=72.1649
Attention win epoch 400/400 train_acc=72.0361
saved: Output/reproduction/formal_other_methods/paper40_clean_wd0.0001/Attention_paper40_clean_win_result.csv
saved: Output/reproduction/formal_other_methods/paper40_clean_wd0.0001/Attention_paper40_clean_win_result.json
Attention potted_after_break epoch 25/400 train_acc=28.6082
Attention potted_after_break epoch 50/400 train_acc=30.5412
Attention potted_after_break epoch 75/400 train_acc=33.3763
Attention potted_after_break epoch 100/400 train_acc=33.5052
Attention potted_after_break epoch 125/400 train_acc=31.0567
Attention potted_after_break epoch 150/400 train_acc=32.9897
Attention potted_after_break epoch 175/400 train_acc=33.3763
Attention potted_after_break epoch 200/400 train_acc=33.2474
Attention potted_after_break epoch 225/400 train_acc=34.6649
Attention potted_after_break epoch 250/400 train_acc=34.2784
Attention potted_after_break epoch 275/400 train_acc=36.4691
Attention potted_after_break epoch 300/400 train_acc=35.6959
Attention potted_after_break epoch 325/400 train_acc=36.2113
Attention potted_after_break epoch 350/400 train_acc=36.9845
Attention potted_after_break epoch 375/400 train_acc=39.3041
Attention potted_after_break epoch 400/400 train_acc=40.3351
saved: Output/reproduction/formal_other_methods/paper40_clean_wd0.0001/Attention_paper40_clean_potted_after_break_result.csv
saved: Output/reproduction/formal_other_methods/paper40_clean_wd0.0001/Attention_paper40_clean_potted_after_break_result.json
summary: Output/reproduction/formal_other_methods/paper40_clean_wd0.0001/OtherMethods_paper40_clean_summary_20260706_021535.csv
