started_at=2026-07-07T01:18:59+09:00
hostname=mg0016
c2d8159ab3f14e1b902529fe0d62987ff3d156cb
?? run_blformer_joint_head_interact.sh
?? run_blformer_unified_capacity_interact.sh
?? test_blformer.py
Tue Jul  7 01:18:59 2026       
+-----------------------------------------------------------------------------------------+
| NVIDIA-SMI 595.58.03              Driver Version: 595.58.03      CUDA Version: 13.2     |
+-----------------------------------------+------------------------+----------------------+
| GPU  Name                 Persistence-M | Bus-Id          Disp.A | Volatile Uncorr. ECC |
| Fan  Temp   Perf          Pwr:Usage/Cap |           Memory-Usage | GPU-Util  Compute M. |
|                                         |                        |               MIG M. |
|=========================================+========================+======================|
|   0  NVIDIA GH200 120GB             On  |   00000009:01:00.0 Off |                    0 |
| N/A   24C    P0             67W /  700W |       2MiB /  97871MiB |      0%      Default |
|                                         |                        |             Disabled |
+-----------------------------------------+------------------------+----------------------+

+-----------------------------------------------------------------------------------------+
| Processes:                                                                              |
|  GPU   GI   CI              PID   Type   Process name                        GPU Memory |
|        ID   ID                                                               Usage      |
|=========================================================================================|
|  No running processes found                                                             |
+-----------------------------------------------------------------------------------------+
torch_version= 2.11.0+cu130
cuda_available= True
cuda_device_count= 1
cuda_device_name= NVIDIA GH200 120GB
device: cuda
processed_path: Output/reproduction/billiards_layout_paper40.pt
run_dir: Output/reproduction_check_20260707/blformer_paper40/blformer_joint_head_current_20260707
search: paper40_joint_head
split_sizes: {'train': 660, 'val': 116, 'final_train': 776, 'test': 1164}
split_notes: re-splits stored train+val with validation ratio 0.15; uses stored test indices as held-out test set
trial: joint_d64_clsmean (1/4)
joint_d64_clsmean epoch 25/400 train_f1=0.4408 val_f1=0.5356 val_acc=69.2529 best_epoch=21
joint_d64_clsmean epoch 50/400 train_f1=0.5140 val_f1=0.5454 val_acc=69.8276 best_epoch=46
joint_d64_clsmean epoch 75/400 train_f1=0.5221 val_f1=0.5398 val_acc=70.6897 best_epoch=63
joint_d64_clsmean epoch 100/400 train_f1=0.5528 val_f1=0.5510 val_acc=72.4138 best_epoch=94
joint_d64_clsmean epoch 125/400 train_f1=0.5536 val_f1=0.5552 val_acc=72.9885 best_epoch=114
joint_d64_clsmean epoch 150/400 train_f1=0.5587 val_f1=0.5550 val_acc=73.2759 best_epoch=146
joint_d64_clsmean epoch 175/400 train_f1=0.5527 val_f1=0.5593 val_acc=72.9885 best_epoch=170
joint_d64_clsmean epoch 200/400 train_f1=0.5569 val_f1=0.5655 val_acc=73.5632 best_epoch=198
joint_d64_clsmean epoch 225/400 train_f1=0.5551 val_f1=0.5548 val_acc=72.7012 best_epoch=204
joint_d64_clsmean epoch 250/400 train_f1=0.5701 val_f1=0.5600 val_acc=72.7012 best_epoch=234
joint_d64_clsmean epoch 275/400 train_f1=0.5688 val_f1=0.5826 val_acc=73.5632 best_epoch=271
joint_d64_clsmean epoch 300/400 train_f1=0.5733 val_f1=0.5765 val_acc=73.2759 best_epoch=284
joint_d64_clsmean epoch 325/400 train_f1=0.5790 val_f1=0.5889 val_acc=74.4253 best_epoch=319
joint_d64_clsmean epoch 350/400 train_f1=0.5761 val_f1=0.5889 val_acc=74.4253 best_epoch=319
joint_d64_clsmean epoch 375/400 train_f1=0.5630 val_f1=0.5841 val_acc=73.8506 best_epoch=319
trial: joint_d64_clsmean_marg0.5 (2/4)
joint_d64_clsmean_marg0.5 epoch 25/400 train_f1=0.4501 val_f1=0.4475 val_acc=68.1035 best_epoch=23
joint_d64_clsmean_marg0.5 epoch 50/400 train_f1=0.4975 val_f1=0.5423 val_acc=71.8391 best_epoch=45
joint_d64_clsmean_marg0.5 epoch 75/400 train_f1=0.5295 val_f1=0.5520 val_acc=72.4138 best_epoch=72
joint_d64_clsmean_marg0.5 epoch 100/400 train_f1=0.5473 val_f1=0.5585 val_acc=70.6897 best_epoch=78
joint_d64_clsmean_marg0.5 epoch 125/400 train_f1=0.5582 val_f1=0.5497 val_acc=72.4138 best_epoch=78
joint_d64_clsmean_marg0.5 epoch 150/400 train_f1=0.5451 val_f1=0.5623 val_acc=73.5632 best_epoch=150
joint_d64_clsmean_marg0.5 epoch 175/400 train_f1=0.5598 val_f1=0.5575 val_acc=73.2759 best_epoch=169
joint_d64_clsmean_marg0.5 epoch 200/400 train_f1=0.5621 val_f1=0.5594 val_acc=73.2759 best_epoch=187
joint_d64_clsmean_marg0.5 epoch 225/400 train_f1=0.5502 val_f1=0.5644 val_acc=73.8506 best_epoch=216
joint_d64_clsmean_marg0.5 epoch 250/400 train_f1=0.5747 val_f1=0.5664 val_acc=73.8506 best_epoch=239
joint_d64_clsmean_marg0.5 epoch 275/400 train_f1=0.5641 val_f1=0.5695 val_acc=74.1379 best_epoch=264
joint_d64_clsmean_marg0.5 epoch 300/400 train_f1=0.5816 val_f1=0.5722 val_acc=73.2759 best_epoch=264
trial: joint_d80_clsmean (3/4)
joint_d80_clsmean epoch 25/400 train_f1=0.4559 val_f1=0.4545 val_acc=68.9655 best_epoch=25
joint_d80_clsmean epoch 50/400 train_f1=0.5343 val_f1=0.5584 val_acc=71.5517 best_epoch=42
joint_d80_clsmean epoch 75/400 train_f1=0.5393 val_f1=0.5458 val_acc=71.5517 best_epoch=61
joint_d80_clsmean epoch 100/400 train_f1=0.5476 val_f1=0.5502 val_acc=71.8391 best_epoch=85
joint_d80_clsmean epoch 125/400 train_f1=0.5609 val_f1=0.5557 val_acc=72.1264 best_epoch=107
joint_d80_clsmean epoch 150/400 train_f1=0.5606 val_f1=0.5668 val_acc=72.9885 best_epoch=144
joint_d80_clsmean epoch 175/400 train_f1=0.5724 val_f1=0.5677 val_acc=72.4138 best_epoch=170
joint_d80_clsmean epoch 200/400 train_f1=0.5785 val_f1=0.5780 val_acc=73.2759 best_epoch=179
joint_d80_clsmean epoch 225/400 train_f1=0.6016 val_f1=0.5994 val_acc=75.0000 best_epoch=224
joint_d80_clsmean epoch 250/400 train_f1=0.5874 val_f1=0.6038 val_acc=75.5747 best_epoch=240
joint_d80_clsmean epoch 275/400 train_f1=0.5889 val_f1=0.6034 val_acc=75.8621 best_epoch=240
joint_d80_clsmean epoch 300/400 train_f1=0.5936 val_f1=0.5983 val_acc=75.0000 best_epoch=240
trial: joint_d80_clsmean_marg0.5 (4/4)
joint_d80_clsmean_marg0.5 epoch 25/400 train_f1=0.4814 val_f1=0.5178 val_acc=68.6782 best_epoch=24
joint_d80_clsmean_marg0.5 epoch 50/400 train_f1=0.5281 val_f1=0.5612 val_acc=72.7011 best_epoch=48
joint_d80_clsmean_marg0.5 epoch 75/400 train_f1=0.5448 val_f1=0.5571 val_acc=72.9885 best_epoch=75
joint_d80_clsmean_marg0.5 epoch 100/400 train_f1=0.5450 val_f1=0.5594 val_acc=71.5517 best_epoch=95
joint_d80_clsmean_marg0.5 epoch 125/400 train_f1=0.5461 val_f1=0.5419 val_acc=70.9770 best_epoch=95
joint_d80_clsmean_marg0.5 epoch 150/400 train_f1=0.5763 val_f1=0.5637 val_acc=73.8506 best_epoch=149
joint_d80_clsmean_marg0.5 epoch 175/400 train_f1=0.5852 val_f1=0.5792 val_acc=74.1379 best_epoch=175
joint_d80_clsmean_marg0.5 epoch 200/400 train_f1=0.5941 val_f1=0.5901 val_acc=73.8506 best_epoch=175
joint_d80_clsmean_marg0.5 epoch 225/400 train_f1=0.5872 val_f1=0.5828 val_acc=74.7126 best_epoch=225
joint_d80_clsmean_marg0.5 epoch 250/400 train_f1=0.5996 val_f1=0.5813 val_acc=74.4253 best_epoch=239
joint_d80_clsmean_marg0.5 epoch 275/400 train_f1=0.5994 val_f1=0.5768 val_acc=73.5632 best_epoch=259
joint_d80_clsmean_marg0.5 epoch 300/400 train_f1=0.6013 val_f1=0.5851 val_acc=74.1379 best_epoch=259
final_full_train: trial=joint_d80_clsmean_marg0.5 epochs=259
final_full_train epoch 25/259 train_acc=67.3969 train_f1=0.4939
final_full_train epoch 50/259 train_acc=69.3299 train_f1=0.5265
final_full_train epoch 75/259 train_acc=71.2629 train_f1=0.5559
final_full_train epoch 100/259 train_acc=73.0670 train_f1=0.5662
final_full_train epoch 125/259 train_acc=72.0361 train_f1=0.5644
final_full_train epoch 150/259 train_acc=71.9072 train_f1=0.5638
final_full_train epoch 175/259 train_acc=72.6804 train_f1=0.5717
final_full_train epoch 200/259 train_acc=73.3247 train_f1=0.5774
final_full_train epoch 225/259 train_acc=73.0670 train_f1=0.5783
final_full_train epoch 250/259 train_acc=73.0670 train_f1=0.5841
best_trial: joint_d80_clsmean_marg0.5
best_val_mean_macro_f1: 0.6114
selected_val_test_mean_macro_f1: 0.5640
selected_val_test_mean_accuracy: 69.5304
final_full_train_test_mean_macro_f1: 0.5539
final_full_train_test_mean_accuracy: 68.7858
checkpoint: Output/reproduction_check_20260707/blformer_paper40/blformer_joint_head_current_20260707/BLFormer_final_full_train.pt
summary: Output/reproduction_check_20260707/blformer_paper40/blformer_joint_head_current_20260707/summary.json
finished_at=2026-07-07T01:59:36+09:00
