device: cuda
processed_path: Output/reproduction/billiards_layout_paper40.pt
protocol: release_code_parity
split_sizes: {'train': 1223, 'val': 135, 'test': 582}
protocol_notes: matches released new_entry.py index behavior; train/val positions are intentionally not remapped through train_idx; test loader is used for checkpoint selection, as in released script call
clear epoch 1/400 train_acc=51.2674 test_release_parity_acc=48.2818
clear epoch 2/400 train_acc=49.5503 test_release_parity_acc=54.8110
clear epoch 3/400 train_acc=55.7645 test_release_parity_acc=61.3402
clear epoch 4/400 train_acc=66.3123 test_release_parity_acc=69.5876
clear epoch 5/400 train_acc=68.8471 test_release_parity_acc=67.8694
clear epoch 6/400 train_acc=68.3565 test_release_parity_acc=68.2131
clear epoch 7/400 train_acc=72.2813 test_release_parity_acc=71.4777
clear epoch 8/400 train_acc=73.6713 test_release_parity_acc=70.2749
clear epoch 9/400 train_acc=69.4195 test_release_parity_acc=68.3849
clear epoch 10/400 train_acc=68.9289 test_release_parity_acc=69.2440
clear epoch 11/400 train_acc=72.0360 test_release_parity_acc=72.8522
clear epoch 12/400 train_acc=76.2878 test_release_parity_acc=73.7113
clear epoch 13/400 train_acc=75.8790 test_release_parity_acc=73.3677
clear epoch 14/400 train_acc=75.9608 test_release_parity_acc=73.7113
clear epoch 15/400 train_acc=77.3508 test_release_parity_acc=76.4605
clear epoch 16/400 train_acc=74.5707 test_release_parity_acc=71.3058
clear epoch 17/400 train_acc=70.4007 test_release_parity_acc=67.5258
clear epoch 18/400 train_acc=68.4383 test_release_parity_acc=69.0722
clear epoch 19/400 train_acc=73.0172 test_release_parity_acc=76.9759
clear epoch 20/400 train_acc=78.5773 test_release_parity_acc=75.2577
clear epoch 21/400 train_acc=76.6966 test_release_parity_acc=73.5395
clear epoch 22/400 train_acc=75.3884 test_release_parity_acc=72.6804
clear epoch 23/400 train_acc=75.3066 test_release_parity_acc=73.8832
clear epoch 24/400 train_acc=76.2878 test_release_parity_acc=74.9141
clear epoch 25/400 train_acc=77.5961 test_release_parity_acc=79.8969
clear epoch 26/400 train_acc=80.2126 test_release_parity_acc=74.7423
clear epoch 27/400 train_acc=72.5266 test_release_parity_acc=69.2440
clear epoch 28/400 train_acc=67.7024 test_release_parity_acc=67.0103
clear epoch 29/400 train_acc=67.7024 test_release_parity_acc=70.2749
clear epoch 30/400 train_acc=73.9984 test_release_parity_acc=77.6632
clear epoch 31/400 train_acc=81.5209 test_release_parity_acc=80.0687
clear epoch 32/400 train_acc=79.6402 test_release_parity_acc=75.9450
clear epoch 33/400 train_acc=76.2061 test_release_parity_acc=74.2268
clear epoch 34/400 train_acc=75.3066 test_release_parity_acc=73.3677
clear epoch 35/400 train_acc=74.8160 test_release_parity_acc=73.0241
clear epoch 36/400 train_acc=74.9796 test_release_parity_acc=73.5395
clear epoch 37/400 train_acc=76.0425 test_release_parity_acc=74.7423
clear epoch 38/400 train_acc=77.4325 test_release_parity_acc=78.1787
clear epoch 39/400 train_acc=81.6844 test_release_parity_acc=81.2715
clear epoch 40/400 train_acc=82.0114 test_release_parity_acc=75.7732
clear epoch 41/400 train_acc=73.5078 test_release_parity_acc=68.0412
clear epoch 42/400 train_acc=65.6582 test_release_parity_acc=64.4330
clear epoch 43/400 train_acc=63.0417 test_release_parity_acc=63.5739
clear epoch 44/400 train_acc=63.6141 test_release_parity_acc=65.6357
clear epoch 45/400 train_acc=68.1112 test_release_parity_acc=71.4777
clear epoch 46/400 train_acc=78.3320 test_release_parity_acc=80.0687
clear epoch 47/400 train_acc=83.9738 test_release_parity_acc=82.8179
clear epoch 48/400 train_acc=81.3573 test_release_parity_acc=77.6632
clear epoch 49/400 train_acc=77.6778 test_release_parity_acc=74.5704
clear epoch 50/400 train_acc=75.6337 test_release_parity_acc=72.3368
clear epoch 51/400 train_acc=74.3254 test_release_parity_acc=71.1340
clear epoch 52/400 train_acc=73.7531 test_release_parity_acc=71.3058
clear epoch 53/400 train_acc=73.7531 test_release_parity_acc=71.3058
clear epoch 54/400 train_acc=73.9166 test_release_parity_acc=71.6495
clear epoch 55/400 train_acc=74.8160 test_release_parity_acc=73.3677
clear epoch 56/400 train_acc=76.4513 test_release_parity_acc=76.4605
clear epoch 57/400 train_acc=79.3949 test_release_parity_acc=81.0997
clear epoch 58/400 train_acc=84.2191 test_release_parity_acc=83.8488
clear epoch 59/400 train_acc=85.0368 test_release_parity_acc=80.7560
clear epoch 60/400 train_acc=80.2944 test_release_parity_acc=74.7423
clear epoch 61/400 train_acc=72.6901 test_release_parity_acc=68.2131
clear epoch 62/400 train_acc=67.7024 test_release_parity_acc=65.8076
clear epoch 63/400 train_acc=64.5953 test_release_parity_acc=64.6048
clear epoch 64/400 train_acc=63.7776 test_release_parity_acc=64.4330
clear epoch 65/400 train_acc=64.2682 test_release_parity_acc=65.2921
clear epoch 66/400 train_acc=66.9665 test_release_parity_acc=68.2131
clear epoch 67/400 train_acc=71.8724 test_release_parity_acc=73.8832
clear epoch 68/400 train_acc=78.8226 test_release_parity_acc=80.4124
clear epoch 69/400 train_acc=84.7097 test_release_parity_acc=83.8488
clear epoch 70/400 train_acc=86.5086 test_release_parity_acc=83.6770
clear epoch 71/400 train_acc=83.9738 test_release_parity_acc=81.6151
clear epoch 72/400 train_acc=79.8855 test_release_parity_acc=76.9759
clear epoch 73/400 train_acc=77.2690 test_release_parity_acc=74.5704
clear epoch 74/400 train_acc=75.3884 test_release_parity_acc=72.8522
clear epoch 75/400 train_acc=74.5707 test_release_parity_acc=71.8213
clear epoch 76/400 train_acc=74.0801 test_release_parity_acc=71.1340
clear epoch 77/400 train_acc=73.5895 test_release_parity_acc=71.1340
clear epoch 78/400 train_acc=73.7531 test_release_parity_acc=71.3058
clear epoch 79/400 train_acc=74.2437 test_release_parity_acc=72.5086
clear epoch 80/400 train_acc=75.0613 test_release_parity_acc=73.5395
clear epoch 81/400 train_acc=76.2878 test_release_parity_acc=76.2887
clear epoch 82/400 train_acc=78.0867 test_release_parity_acc=78.8660
clear epoch 83/400 train_acc=81.5209 test_release_parity_acc=82.8179
clear epoch 84/400 train_acc=85.0368 test_release_parity_acc=83.6770
clear epoch 85/400 train_acc=86.9992 test_release_parity_acc=84.5361
clear epoch 86/400 train_acc=86.0180 test_release_parity_acc=81.9588
clear epoch 87/400 train_acc=82.5020 test_release_parity_acc=77.6632
clear epoch 88/400 train_acc=77.1055 test_release_parity_acc=73.7113
clear epoch 89/400 train_acc=73.0172 test_release_parity_acc=69.5876
clear epoch 90/400 train_acc=69.0106 test_release_parity_acc=67.6976
clear epoch 91/400 train_acc=66.8029 test_release_parity_acc=66.1512
clear epoch 92/400 train_acc=65.9035 test_release_parity_acc=65.8076
clear epoch 93/400 train_acc=65.8217 test_release_parity_acc=66.4948
clear epoch 94/400 train_acc=66.8847 test_release_parity_acc=67.6976
clear epoch 95/400 train_acc=69.6648 test_release_parity_acc=69.9313
clear epoch 96/400 train_acc=72.6901 test_release_parity_acc=74.2268
clear epoch 97/400 train_acc=77.8414 test_release_parity_acc=78.1787
clear epoch 98/400 train_acc=82.2567 test_release_parity_acc=81.6151
clear epoch 99/400 train_acc=85.6909 test_release_parity_acc=84.5361
clear epoch 100/400 train_acc=87.4898 test_release_parity_acc=85.0515
clear epoch 101/400 train_acc=87.1627 test_release_parity_acc=84.1924
clear epoch 102/400 train_acc=85.2003 test_release_parity_acc=82.9897
clear epoch 103/400 train_acc=82.9109 test_release_parity_acc=80.5842
clear epoch 104/400 train_acc=80.2126 test_release_parity_acc=78.5223
clear epoch 105/400 train_acc=78.0049 test_release_parity_acc=76.9759
clear epoch 106/400 train_acc=76.7784 test_release_parity_acc=74.3986
clear epoch 107/400 train_acc=75.8790 test_release_parity_acc=73.1959
clear epoch 108/400 train_acc=75.5519 test_release_parity_acc=73.1959
clear epoch 109/400 train_acc=75.4702 test_release_parity_acc=73.1959
clear epoch 110/400 train_acc=75.3884 test_release_parity_acc=73.1959
clear epoch 111/400 train_acc=75.3884 test_release_parity_acc=73.3677
clear epoch 112/400 train_acc=75.7155 test_release_parity_acc=73.8832
clear epoch 113/400 train_acc=76.4513 test_release_parity_acc=75.6014
clear epoch 114/400 train_acc=77.3508 test_release_parity_acc=77.3196
clear epoch 115/400 train_acc=78.5773 test_release_parity_acc=79.2096
clear epoch 116/400 train_acc=80.6214 test_release_parity_acc=82.3024
clear epoch 117/400 train_acc=83.4832 test_release_parity_acc=83.6770
clear epoch 118/400 train_acc=85.6092 test_release_parity_acc=84.8797
clear epoch 119/400 train_acc=87.3262 test_release_parity_acc=85.9107
clear epoch 120/400 train_acc=88.6345 test_release_parity_acc=85.3952
clear epoch 121/400 train_acc=87.7351 test_release_parity_acc=84.0206
clear epoch 122/400 train_acc=86.5904 test_release_parity_acc=81.7869
clear epoch 123/400 train_acc=84.1374 test_release_parity_acc=79.8969
clear epoch 124/400 train_acc=81.6844 test_release_parity_acc=77.4914
clear epoch 125/400 train_acc=78.4955 test_release_parity_acc=75.4296
clear epoch 126/400 train_acc=75.7155 test_release_parity_acc=73.0241
clear epoch 127/400 train_acc=72.5266 test_release_parity_acc=70.9622
clear epoch 128/400 train_acc=70.5642 test_release_parity_acc=69.9313
clear epoch 129/400 train_acc=69.8283 test_release_parity_acc=69.9313
clear epoch 130/400 train_acc=69.7465 test_release_parity_acc=70.1031
clear epoch 131/400 train_acc=70.7277 test_release_parity_acc=70.9622
clear epoch 132/400 train_acc=72.6083 test_release_parity_acc=73.0241
clear epoch 133/400 train_acc=76.0425 test_release_parity_acc=75.9450
clear epoch 134/400 train_acc=79.4767 test_release_parity_acc=78.5223
clear epoch 135/400 train_acc=82.2567 test_release_parity_acc=80.7560
clear epoch 136/400 train_acc=84.6280 test_release_parity_acc=82.9897
clear epoch 137/400 train_acc=86.5904 test_release_parity_acc=84.3643
clear epoch 138/400 train_acc=87.8986 test_release_parity_acc=85.0515
clear epoch 139/400 train_acc=89.2069 test_release_parity_acc=86.5979
clear epoch 140/400 train_acc=88.8798 test_release_parity_acc=86.4261
clear epoch 141/400 train_acc=87.0809 test_release_parity_acc=85.0515
clear epoch 142/400 train_acc=85.2821 test_release_parity_acc=84.0206
clear epoch 143/400 train_acc=84.0556 test_release_parity_acc=82.1306
clear epoch 144/400 train_acc=81.7661 test_release_parity_acc=80.5842
clear epoch 145/400 train_acc=80.4579 test_release_parity_acc=78.1787
clear epoch 146/400 train_acc=79.0679 test_release_parity_acc=77.3196
clear epoch 147/400 train_acc=78.1684 test_release_parity_acc=76.6323
clear epoch 148/400 train_acc=77.5143 test_release_parity_acc=75.0859
clear epoch 149/400 train_acc=76.6966 test_release_parity_acc=74.9141
clear epoch 150/400 train_acc=76.6149 test_release_parity_acc=74.9141
clear epoch 151/400 train_acc=76.3696 test_release_parity_acc=74.7423
clear epoch 152/400 train_acc=76.4513 test_release_parity_acc=75.0859
clear epoch 153/400 train_acc=76.8602 test_release_parity_acc=75.2577
clear epoch 154/400 train_acc=77.2690 test_release_parity_acc=76.1168
clear epoch 155/400 train_acc=77.8414 test_release_parity_acc=77.1478
clear epoch 156/400 train_acc=78.5773 test_release_parity_acc=78.1787
clear epoch 157/400 train_acc=79.8038 test_release_parity_acc=80.0687
clear epoch 158/400 train_acc=81.4391 test_release_parity_acc=81.7869
clear epoch 159/400 train_acc=83.0744 test_release_parity_acc=84.0206
clear epoch 160/400 train_acc=85.2003 test_release_parity_acc=85.0515
clear epoch 161/400 train_acc=86.8357 test_release_parity_acc=86.2543
clear epoch 162/400 train_acc=88.7163 test_release_parity_acc=88.1443
clear epoch 163/400 train_acc=89.8610 test_release_parity_acc=87.4570
clear epoch 164/400 train_acc=90.3516 test_release_parity_acc=86.9416
clear epoch 165/400 train_acc=89.3704 test_release_parity_acc=86.2543
clear epoch 166/400 train_acc=88.7163 test_release_parity_acc=84.8797
clear epoch 167/400 train_acc=87.3262 test_release_parity_acc=83.3333
clear epoch 168/400 train_acc=85.3639 test_release_parity_acc=81.7869
clear epoch 169/400 train_acc=83.6468 test_release_parity_acc=80.5842
clear epoch 170/400 train_acc=81.8479 test_release_parity_acc=78.5223
clear epoch 171/400 train_acc=79.5585 test_release_parity_acc=76.1168
clear epoch 172/400 train_acc=78.0867 test_release_parity_acc=74.9141
clear epoch 173/400 train_acc=76.6149 test_release_parity_acc=74.7423
clear epoch 174/400 train_acc=75.5519 test_release_parity_acc=73.8832
clear epoch 175/400 train_acc=74.7343 test_release_parity_acc=73.8832
clear epoch 176/400 train_acc=75.1431 test_release_parity_acc=74.9141
clear epoch 177/400 train_acc=76.1243 test_release_parity_acc=74.7423
clear epoch 178/400 train_acc=77.0237 test_release_parity_acc=75.4296
clear epoch 179/400 train_acc=78.4137 test_release_parity_acc=77.3196
clear epoch 180/400 train_acc=80.2944 test_release_parity_acc=78.8660
clear epoch 181/400 train_acc=82.2567 test_release_parity_acc=81.4433
clear epoch 182/400 train_acc=84.3009 test_release_parity_acc=82.6460
clear epoch 183/400 train_acc=86.0998 test_release_parity_acc=84.3643
clear epoch 184/400 train_acc=88.3892 test_release_parity_acc=85.5670
clear epoch 185/400 train_acc=88.7980 test_release_parity_acc=86.2543
clear epoch 186/400 train_acc=90.4334 test_release_parity_acc=87.1134
clear epoch 187/400 train_acc=90.4334 test_release_parity_acc=87.6289
clear epoch 188/400 train_acc=90.5151 test_release_parity_acc=88.4880
clear epoch 189/400 train_acc=90.2698 test_release_parity_acc=89.0034
clear epoch 190/400 train_acc=89.4522 test_release_parity_acc=88.1443
clear epoch 191/400 train_acc=88.3074 test_release_parity_acc=86.2543
clear epoch 192/400 train_acc=86.9174 test_release_parity_acc=86.0825
clear epoch 193/400 train_acc=85.5274 test_release_parity_acc=84.5361
clear epoch 194/400 train_acc=84.7097 test_release_parity_acc=83.5052
clear epoch 195/400 train_acc=83.4832 test_release_parity_acc=82.4742
clear epoch 196/400 train_acc=82.1750 test_release_parity_acc=81.2715
clear epoch 197/400 train_acc=81.4391 test_release_parity_acc=80.5842
clear epoch 198/400 train_acc=80.7850 test_release_parity_acc=79.7251
clear epoch 199/400 train_acc=80.3761 test_release_parity_acc=79.8969
clear epoch 200/400 train_acc=80.0491 test_release_parity_acc=79.7251
clear epoch 201/400 train_acc=79.9673 test_release_parity_acc=79.7251
clear epoch 202/400 train_acc=80.0491 test_release_parity_acc=79.7251
clear epoch 203/400 train_acc=80.0491 test_release_parity_acc=80.2405
clear epoch 204/400 train_acc=80.6214 test_release_parity_acc=81.2715
clear epoch 205/400 train_acc=81.3573 test_release_parity_acc=81.7869
clear epoch 206/400 train_acc=82.1750 test_release_parity_acc=82.3024
clear epoch 207/400 train_acc=83.4015 test_release_parity_acc=83.3333
clear epoch 208/400 train_acc=84.7915 test_release_parity_acc=84.5361
clear epoch 209/400 train_acc=86.1815 test_release_parity_acc=85.9107
clear epoch 210/400 train_acc=87.0809 test_release_parity_acc=87.1134
clear epoch 211/400 train_acc=88.3074 test_release_parity_acc=87.8007
clear epoch 212/400 train_acc=89.2069 test_release_parity_acc=89.1753
clear epoch 213/400 train_acc=89.7792 test_release_parity_acc=88.6598
clear epoch 214/400 train_acc=90.1063 test_release_parity_acc=88.3162
clear epoch 215/400 train_acc=90.3516 test_release_parity_acc=87.4570
clear epoch 216/400 train_acc=90.4334 test_release_parity_acc=87.6289
clear epoch 217/400 train_acc=90.7604 test_release_parity_acc=88.3162
clear epoch 218/400 train_acc=90.7604 test_release_parity_acc=86.9416
clear epoch 219/400 train_acc=89.3704 test_release_parity_acc=85.9107
clear epoch 220/400 train_acc=88.3074 test_release_parity_acc=85.2234
clear epoch 221/400 train_acc=87.3262 test_release_parity_acc=83.6770
clear epoch 222/400 train_acc=86.0998 test_release_parity_acc=82.3024
clear epoch 223/400 train_acc=85.0368 test_release_parity_acc=81.9588
clear epoch 224/400 train_acc=83.9738 test_release_parity_acc=80.4124
clear epoch 225/400 train_acc=82.9109 test_release_parity_acc=79.8969
clear epoch 226/400 train_acc=82.1750 test_release_parity_acc=79.7251
clear epoch 227/400 train_acc=81.7661 test_release_parity_acc=79.3814
clear epoch 228/400 train_acc=81.6844 test_release_parity_acc=79.3814
clear epoch 229/400 train_acc=81.7661 test_release_parity_acc=79.5533
clear epoch 230/400 train_acc=81.8479 test_release_parity_acc=79.5533
clear epoch 231/400 train_acc=82.4203 test_release_parity_acc=80.7560
clear epoch 232/400 train_acc=83.7285 test_release_parity_acc=81.4433
clear epoch 233/400 train_acc=84.7097 test_release_parity_acc=82.4742
clear epoch 234/400 train_acc=85.6092 test_release_parity_acc=82.9897
clear epoch 235/400 train_acc=86.6721 test_release_parity_acc=85.2234
clear epoch 236/400 train_acc=87.8168 test_release_parity_acc=85.3952
clear epoch 237/400 train_acc=88.7980 test_release_parity_acc=86.5979
clear epoch 238/400 train_acc=90.1881 test_release_parity_acc=88.4880
clear epoch 239/400 train_acc=91.1693 test_release_parity_acc=89.0034
clear epoch 240/400 train_acc=91.4963 test_release_parity_acc=89.3471
clear epoch 241/400 train_acc=91.7416 test_release_parity_acc=90.2062
clear epoch 242/400 train_acc=91.6599 test_release_parity_acc=89.6907
clear epoch 243/400 train_acc=90.7604 test_release_parity_acc=88.6598
clear epoch 244/400 train_acc=90.5151 test_release_parity_acc=89.0034
clear epoch 245/400 train_acc=90.2698 test_release_parity_acc=88.6598
clear epoch 246/400 train_acc=89.9428 test_release_parity_acc=88.4880
clear epoch 247/400 train_acc=89.0433 test_release_parity_acc=88.1443
clear epoch 248/400 train_acc=88.6345 test_release_parity_acc=87.9725
clear epoch 249/400 train_acc=87.8986 test_release_parity_acc=86.7698
clear epoch 250/400 train_acc=87.1627 test_release_parity_acc=85.9107
clear epoch 251/400 train_acc=86.0998 test_release_parity_acc=84.5361
clear epoch 252/400 train_acc=85.4456 test_release_parity_acc=84.1924
clear epoch 253/400 train_acc=85.0368 test_release_parity_acc=84.1924
clear epoch 254/400 train_acc=84.5462 test_release_parity_acc=83.8488
clear epoch 255/400 train_acc=84.4644 test_release_parity_acc=83.8488
clear epoch 256/400 train_acc=84.4644 test_release_parity_acc=83.6770
clear epoch 257/400 train_acc=84.5462 test_release_parity_acc=83.8488
clear epoch 258/400 train_acc=84.7915 test_release_parity_acc=84.1924
clear epoch 259/400 train_acc=85.1186 test_release_parity_acc=84.7079
clear epoch 260/400 train_acc=85.6909 test_release_parity_acc=85.0515
clear epoch 261/400 train_acc=86.4268 test_release_parity_acc=85.5670
clear epoch 262/400 train_acc=87.3262 test_release_parity_acc=87.2852
clear epoch 263/400 train_acc=88.2257 test_release_parity_acc=88.3162
clear epoch 264/400 train_acc=88.7980 test_release_parity_acc=89.0034
clear epoch 265/400 train_acc=90.2698 test_release_parity_acc=89.8625
clear epoch 266/400 train_acc=91.0875 test_release_parity_acc=90.3780
clear epoch 267/400 train_acc=91.7416 test_release_parity_acc=90.3780
clear epoch 268/400 train_acc=91.9869 test_release_parity_acc=90.5498
clear epoch 269/400 train_acc=92.5593 test_release_parity_acc=91.0653
clear epoch 270/400 train_acc=93.3769 test_release_parity_acc=91.2371
clear epoch 271/400 train_acc=93.7858 test_release_parity_acc=91.2371
clear epoch 272/400 train_acc=93.4587 test_release_parity_acc=91.0653
clear epoch 273/400 train_acc=93.2134 test_release_parity_acc=90.3780
clear epoch 274/400 train_acc=92.6410 test_release_parity_acc=89.5189
clear epoch 275/400 train_acc=91.6599 test_release_parity_acc=88.8316
clear epoch 276/400 train_acc=91.0875 test_release_parity_acc=87.9725
clear epoch 277/400 train_acc=90.2698 test_release_parity_acc=86.4261
clear epoch 278/400 train_acc=89.2886 test_release_parity_acc=85.7388
clear epoch 279/400 train_acc=87.9804 test_release_parity_acc=84.7079
clear epoch 280/400 train_acc=86.9174 test_release_parity_acc=84.1924
clear epoch 281/400 train_acc=86.3451 test_release_parity_acc=82.6460
clear epoch 282/400 train_acc=85.6909 test_release_parity_acc=82.4742
clear epoch 283/400 train_acc=85.1186 test_release_parity_acc=82.1306
clear epoch 284/400 train_acc=84.9550 test_release_parity_acc=82.1306
clear epoch 285/400 train_acc=84.9550 test_release_parity_acc=82.3024
clear epoch 286/400 train_acc=84.9550 test_release_parity_acc=82.4742
clear epoch 287/400 train_acc=85.3639 test_release_parity_acc=82.6460
clear epoch 288/400 train_acc=85.7727 test_release_parity_acc=82.6460
clear epoch 289/400 train_acc=86.3451 test_release_parity_acc=83.6770
clear epoch 290/400 train_acc=87.1627 test_release_parity_acc=84.7079
clear epoch 291/400 train_acc=88.1439 test_release_parity_acc=85.5670
clear epoch 292/400 train_acc=89.0433 test_release_parity_acc=86.4261
clear epoch 293/400 train_acc=89.7792 test_release_parity_acc=87.8007
clear epoch 294/400 train_acc=91.2510 test_release_parity_acc=89.5189
clear epoch 295/400 train_acc=92.3140 test_release_parity_acc=90.0344
clear epoch 296/400 train_acc=92.7228 test_release_parity_acc=90.7216
clear epoch 297/400 train_acc=93.2134 test_release_parity_acc=91.0653
clear epoch 298/400 train_acc=93.6222 test_release_parity_acc=91.4089
clear epoch 299/400 train_acc=94.1128 test_release_parity_acc=92.0962
clear epoch 300/400 train_acc=94.1946 test_release_parity_acc=91.9244
clear epoch 301/400 train_acc=93.9493 test_release_parity_acc=91.9244
clear epoch 302/400 train_acc=93.8675 test_release_parity_acc=91.7526
clear epoch 303/400 train_acc=93.5405 test_release_parity_acc=91.4089
clear epoch 304/400 train_acc=92.5593 test_release_parity_acc=91.0653
clear epoch 305/400 train_acc=92.2322 test_release_parity_acc=91.0653
clear epoch 306/400 train_acc=91.3328 test_release_parity_acc=90.3780
clear epoch 307/400 train_acc=90.1881 test_release_parity_acc=89.3471
clear epoch 308/400 train_acc=89.4522 test_release_parity_acc=88.8316
clear epoch 309/400 train_acc=88.9616 test_release_parity_acc=88.3162
clear epoch 310/400 train_acc=88.4710 test_release_parity_acc=87.8007
clear epoch 311/400 train_acc=88.1439 test_release_parity_acc=87.2852
clear epoch 312/400 train_acc=87.8168 test_release_parity_acc=86.7698
clear epoch 313/400 train_acc=87.6533 test_release_parity_acc=86.7698
clear epoch 314/400 train_acc=87.7351 test_release_parity_acc=86.9416
clear epoch 315/400 train_acc=87.7351 test_release_parity_acc=86.9416
clear epoch 316/400 train_acc=87.7351 test_release_parity_acc=87.1134
clear epoch 317/400 train_acc=87.9804 test_release_parity_acc=87.8007
clear epoch 318/400 train_acc=88.2257 test_release_parity_acc=88.1443
clear epoch 319/400 train_acc=88.7980 test_release_parity_acc=88.8316
clear epoch 320/400 train_acc=89.4522 test_release_parity_acc=89.1753
clear epoch 321/400 train_acc=89.9428 test_release_parity_acc=89.6907
clear epoch 322/400 train_acc=91.0875 test_release_parity_acc=90.8935
clear epoch 323/400 train_acc=92.3957 test_release_parity_acc=91.5808
clear epoch 324/400 train_acc=92.7228 test_release_parity_acc=91.9244
clear epoch 325/400 train_acc=93.2952 test_release_parity_acc=92.0962
clear epoch 326/400 train_acc=93.9493 test_release_parity_acc=92.4399
clear epoch 327/400 train_acc=94.4399 test_release_parity_acc=92.2680
clear epoch 328/400 train_acc=94.5217 test_release_parity_acc=93.1271
clear epoch 329/400 train_acc=94.9305 test_release_parity_acc=92.9553
clear epoch 330/400 train_acc=94.7670 test_release_parity_acc=92.2680
clear epoch 331/400 train_acc=94.4399 test_release_parity_acc=91.7526
clear epoch 332/400 train_acc=94.1946 test_release_parity_acc=91.5808
clear epoch 333/400 train_acc=93.5405 test_release_parity_acc=91.2371
clear epoch 334/400 train_acc=93.1316 test_release_parity_acc=89.8625
clear epoch 335/400 train_acc=92.2322 test_release_parity_acc=89.3471
clear epoch 336/400 train_acc=91.4963 test_release_parity_acc=88.4880
clear epoch 337/400 train_acc=90.7604 test_release_parity_acc=87.1134
clear epoch 338/400 train_acc=90.1063 test_release_parity_acc=86.2543
clear epoch 339/400 train_acc=89.4522 test_release_parity_acc=85.2234
clear epoch 340/400 train_acc=88.9616 test_release_parity_acc=85.0515
clear epoch 341/400 train_acc=88.5527 test_release_parity_acc=84.5361
clear epoch 342/400 train_acc=88.0621 test_release_parity_acc=84.3643
clear epoch 343/400 train_acc=87.8168 test_release_parity_acc=84.0206
clear epoch 344/400 train_acc=87.7351 test_release_parity_acc=84.0206
clear epoch 345/400 train_acc=87.8168 test_release_parity_acc=84.1924
clear epoch 346/400 train_acc=87.8986 test_release_parity_acc=84.3643
clear epoch 347/400 train_acc=88.6345 test_release_parity_acc=84.8797
clear epoch 348/400 train_acc=89.0433 test_release_parity_acc=85.7388
clear epoch 349/400 train_acc=89.3704 test_release_parity_acc=86.4261
clear epoch 350/400 train_acc=90.1881 test_release_parity_acc=87.2852
clear epoch 351/400 train_acc=90.9240 test_release_parity_acc=88.6598
clear epoch 352/400 train_acc=91.9052 test_release_parity_acc=89.8625
clear epoch 353/400 train_acc=92.7228 test_release_parity_acc=90.2062
clear epoch 354/400 train_acc=93.2134 test_release_parity_acc=90.5498
clear epoch 355/400 train_acc=93.7040 test_release_parity_acc=91.5808
clear epoch 356/400 train_acc=94.6034 test_release_parity_acc=92.6117
clear epoch 357/400 train_acc=95.3393 test_release_parity_acc=93.2990
clear epoch 358/400 train_acc=95.7482 test_release_parity_acc=93.8144
clear epoch 359/400 train_acc=96.0752 test_release_parity_acc=93.6426
clear epoch 360/400 train_acc=95.5846 test_release_parity_acc=93.2990
clear epoch 361/400 train_acc=95.3393 test_release_parity_acc=93.1271
clear epoch 362/400 train_acc=95.0123 test_release_parity_acc=93.2990
clear epoch 363/400 train_acc=94.9305 test_release_parity_acc=93.4708
clear epoch 364/400 train_acc=94.7670 test_release_parity_acc=92.6117
clear epoch 365/400 train_acc=94.5217 test_release_parity_acc=93.1271
clear epoch 366/400 train_acc=94.1128 test_release_parity_acc=92.6117
clear epoch 367/400 train_acc=93.1316 test_release_parity_acc=92.0962
clear epoch 368/400 train_acc=92.7228 test_release_parity_acc=91.5808
clear epoch 369/400 train_acc=92.2322 test_release_parity_acc=91.0653
clear epoch 370/400 train_acc=91.4963 test_release_parity_acc=90.7216
clear epoch 371/400 train_acc=91.2510 test_release_parity_acc=90.2062
clear epoch 372/400 train_acc=91.0875 test_release_parity_acc=90.2062
clear epoch 373/400 train_acc=91.0875 test_release_parity_acc=90.2062
clear epoch 374/400 train_acc=91.0875 test_release_parity_acc=90.2062
clear epoch 375/400 train_acc=91.0875 test_release_parity_acc=90.3780
clear epoch 376/400 train_acc=91.1693 test_release_parity_acc=90.5498
clear epoch 377/400 train_acc=91.4963 test_release_parity_acc=91.0653
clear epoch 378/400 train_acc=91.8234 test_release_parity_acc=91.2371
clear epoch 379/400 train_acc=92.3957 test_release_parity_acc=91.5808
clear epoch 380/400 train_acc=93.0499 test_release_parity_acc=91.9244
clear epoch 381/400 train_acc=93.6222 test_release_parity_acc=92.9553
clear epoch 382/400 train_acc=94.6034 test_release_parity_acc=93.4708
clear epoch 383/400 train_acc=95.1758 test_release_parity_acc=93.2990
clear epoch 384/400 train_acc=95.4211 test_release_parity_acc=93.8144
clear epoch 385/400 train_acc=95.5029 test_release_parity_acc=93.4708
clear epoch 386/400 train_acc=95.5846 test_release_parity_acc=93.6426
clear epoch 387/400 train_acc=95.9935 test_release_parity_acc=94.1581
clear epoch 388/400 train_acc=96.3205 test_release_parity_acc=94.5017
clear epoch 389/400 train_acc=96.3205 test_release_parity_acc=94.1581
clear epoch 390/400 train_acc=96.3205 test_release_parity_acc=94.3299
clear epoch 391/400 train_acc=96.4023 test_release_parity_acc=93.8144
clear epoch 392/400 train_acc=96.0752 test_release_parity_acc=92.7835
clear epoch 393/400 train_acc=95.3393 test_release_parity_acc=92.2680
clear epoch 394/400 train_acc=95.2576 test_release_parity_acc=91.9244
clear epoch 395/400 train_acc=94.9305 test_release_parity_acc=91.5808
clear epoch 396/400 train_acc=94.1946 test_release_parity_acc=90.5498
clear epoch 397/400 train_acc=93.4587 test_release_parity_acc=90.0344
clear epoch 398/400 train_acc=93.1316 test_release_parity_acc=89.5189
clear epoch 399/400 train_acc=92.8046 test_release_parity_acc=89.1753
clear epoch 400/400 train_acc=92.2322 test_release_parity_acc=89.0034
saved: Output/reproduction/formal/release_code_parity_wd0.0001/BLCNN_release_code_parity_clear_result.csv
saved: Output/reproduction/formal/release_code_parity_wd0.0001/BLCNN_release_code_parity_clear_result.json
win epoch 1/400 train_acc=71.3001 test_release_parity_acc=70.6186
win epoch 2/400 train_acc=71.3001 test_release_parity_acc=70.6186
win epoch 3/400 train_acc=71.3001 test_release_parity_acc=70.6186
win epoch 4/400 train_acc=71.3001 test_release_parity_acc=70.6186
win epoch 5/400 train_acc=71.3001 test_release_parity_acc=71.3058
win epoch 6/400 train_acc=73.0172 test_release_parity_acc=75.0859
win epoch 7/400 train_acc=74.8978 test_release_parity_acc=73.5395
win epoch 8/400 train_acc=72.1995 test_release_parity_acc=71.3058
win epoch 9/400 train_acc=71.4636 test_release_parity_acc=72.1649
win epoch 10/400 train_acc=75.6337 test_release_parity_acc=76.8041
win epoch 11/400 train_acc=76.8602 test_release_parity_acc=76.4605
win epoch 12/400 train_acc=75.4702 test_release_parity_acc=76.6323
win epoch 13/400 train_acc=76.6149 test_release_parity_acc=77.1478
win epoch 14/400 train_acc=76.7784 test_release_parity_acc=75.4296
win epoch 15/400 train_acc=74.5707 test_release_parity_acc=73.3677
win epoch 16/400 train_acc=73.6713 test_release_parity_acc=74.7423
win epoch 17/400 train_acc=77.0237 test_release_parity_acc=77.3196
win epoch 18/400 train_acc=76.8602 test_release_parity_acc=76.1168
win epoch 19/400 train_acc=75.4702 test_release_parity_acc=73.8832
win epoch 20/400 train_acc=71.6271 test_release_parity_acc=72.6804
win epoch 21/400 train_acc=75.4702 test_release_parity_acc=76.6323
win epoch 22/400 train_acc=76.6149 test_release_parity_acc=78.1787
win epoch 23/400 train_acc=77.6778 test_release_parity_acc=77.6632
win epoch 24/400 train_acc=77.2690 test_release_parity_acc=74.5704
win epoch 25/400 train_acc=73.9166 test_release_parity_acc=72.8522
win epoch 26/400 train_acc=72.8536 test_release_parity_acc=73.0241
win epoch 27/400 train_acc=74.1619 test_release_parity_acc=75.9450
win epoch 28/400 train_acc=77.5961 test_release_parity_acc=78.1787
win epoch 29/400 train_acc=78.5773 test_release_parity_acc=78.6942
win epoch 30/400 train_acc=77.2690 test_release_parity_acc=77.8351
win epoch 31/400 train_acc=77.0237 test_release_parity_acc=74.2268
win epoch 32/400 train_acc=71.7907 test_release_parity_acc=68.9003
win epoch 33/400 train_acc=70.2371 test_release_parity_acc=69.9313
win epoch 34/400 train_acc=73.3442 test_release_parity_acc=75.9450
win epoch 35/400 train_acc=77.7596 test_release_parity_acc=78.1787
win epoch 36/400 train_acc=78.8226 test_release_parity_acc=79.5533
win epoch 37/400 train_acc=80.0491 test_release_parity_acc=77.8351
win epoch 38/400 train_acc=77.5143 test_release_parity_acc=75.2577
win epoch 39/400 train_acc=74.3254 test_release_parity_acc=72.6804
win epoch 40/400 train_acc=72.6083 test_release_parity_acc=72.5086
win epoch 41/400 train_acc=72.4448 test_release_parity_acc=72.5086
win epoch 42/400 train_acc=72.8536 test_release_parity_acc=73.0241
win epoch 43/400 train_acc=74.2437 test_release_parity_acc=75.4296
win epoch 44/400 train_acc=76.7784 test_release_parity_acc=76.9759
win epoch 45/400 train_acc=79.5585 test_release_parity_acc=79.0378
win epoch 46/400 train_acc=79.2314 test_release_parity_acc=78.5223
win epoch 47/400 train_acc=78.7408 test_release_parity_acc=79.2096
win epoch 48/400 train_acc=78.9043 test_release_parity_acc=79.2096
win epoch 49/400 train_acc=78.5773 test_release_parity_acc=77.8351
win epoch 50/400 train_acc=78.3320 test_release_parity_acc=76.8041
win epoch 51/400 train_acc=77.5143 test_release_parity_acc=76.2887
win epoch 52/400 train_acc=77.4325 test_release_parity_acc=77.1478
win epoch 53/400 train_acc=78.6590 test_release_parity_acc=78.5223
win epoch 54/400 train_acc=78.7408 test_release_parity_acc=79.0378
win epoch 55/400 train_acc=79.1496 test_release_parity_acc=79.2096
win epoch 56/400 train_acc=79.2314 test_release_parity_acc=78.6942
win epoch 57/400 train_acc=79.5585 test_release_parity_acc=79.0378
win epoch 58/400 train_acc=80.0491 test_release_parity_acc=77.8351
win epoch 59/400 train_acc=79.0679 test_release_parity_acc=76.9759
win epoch 60/400 train_acc=78.1684 test_release_parity_acc=76.2887
win epoch 61/400 train_acc=76.6966 test_release_parity_acc=75.0859
win epoch 62/400 train_acc=75.9608 test_release_parity_acc=74.7423
win epoch 63/400 train_acc=76.1243 test_release_parity_acc=75.0859
win epoch 64/400 train_acc=76.5331 test_release_parity_acc=76.6323
win epoch 65/400 train_acc=77.9231 test_release_parity_acc=76.9759
win epoch 66/400 train_acc=79.1496 test_release_parity_acc=78.6942
win epoch 67/400 train_acc=80.2126 test_release_parity_acc=79.3814
win epoch 68/400 train_acc=79.5585 test_release_parity_acc=78.6942
win epoch 69/400 train_acc=78.8226 test_release_parity_acc=77.8351
win epoch 70/400 train_acc=78.9043 test_release_parity_acc=78.8660
win epoch 71/400 train_acc=79.0679 test_release_parity_acc=77.8351
win epoch 72/400 train_acc=78.0867 test_release_parity_acc=76.4605
win epoch 73/400 train_acc=78.1684 test_release_parity_acc=76.4605
win epoch 74/400 train_acc=77.8414 test_release_parity_acc=76.4605
win epoch 75/400 train_acc=77.7596 test_release_parity_acc=76.8041
win epoch 76/400 train_acc=78.2502 test_release_parity_acc=76.8041
win epoch 77/400 train_acc=79.3132 test_release_parity_acc=78.1787
win epoch 78/400 train_acc=79.2314 test_release_parity_acc=79.5533
win epoch 79/400 train_acc=79.8855 test_release_parity_acc=78.5223
win epoch 80/400 train_acc=79.6402 test_release_parity_acc=79.8969
win epoch 81/400 train_acc=80.7032 test_release_parity_acc=79.5533
win epoch 82/400 train_acc=81.0303 test_release_parity_acc=80.2405
win epoch 83/400 train_acc=80.5397 test_release_parity_acc=78.3505
win epoch 84/400 train_acc=79.3949 test_release_parity_acc=77.1478
win epoch 85/400 train_acc=78.5773 test_release_parity_acc=76.8041
win epoch 86/400 train_acc=78.0049 test_release_parity_acc=76.4605
win epoch 87/400 train_acc=77.9231 test_release_parity_acc=76.6323
win epoch 88/400 train_acc=78.2502 test_release_parity_acc=77.3196
win epoch 89/400 train_acc=78.9861 test_release_parity_acc=78.1787
win epoch 90/400 train_acc=80.4579 test_release_parity_acc=78.6942
win epoch 91/400 train_acc=80.6214 test_release_parity_acc=80.2405
win epoch 92/400 train_acc=81.6026 test_release_parity_acc=80.0687
win epoch 93/400 train_acc=81.9297 test_release_parity_acc=81.2715
win epoch 94/400 train_acc=82.3385 test_release_parity_acc=81.9588
win epoch 95/400 train_acc=83.3197 test_release_parity_acc=81.4433
win epoch 96/400 train_acc=82.6656 test_release_parity_acc=80.7560
win epoch 97/400 train_acc=81.5209 test_release_parity_acc=78.5223
win epoch 98/400 train_acc=79.2314 test_release_parity_acc=75.7732
win epoch 99/400 train_acc=77.7596 test_release_parity_acc=74.0550
win epoch 100/400 train_acc=76.8602 test_release_parity_acc=73.8832
win epoch 101/400 train_acc=77.3508 test_release_parity_acc=74.2268
win epoch 102/400 train_acc=79.0679 test_release_parity_acc=77.3196
win epoch 103/400 train_acc=80.7032 test_release_parity_acc=82.1306
win epoch 104/400 train_acc=83.0744 test_release_parity_acc=83.1615
win epoch 105/400 train_acc=84.5462 test_release_parity_acc=83.6770
win epoch 106/400 train_acc=84.3827 test_release_parity_acc=83.3333
win epoch 107/400 train_acc=83.3197 test_release_parity_acc=81.6151
win epoch 108/400 train_acc=83.0744 test_release_parity_acc=80.5842
win epoch 109/400 train_acc=81.8479 test_release_parity_acc=79.3814
win epoch 110/400 train_acc=80.2126 test_release_parity_acc=78.6942
win epoch 111/400 train_acc=78.7408 test_release_parity_acc=76.9759
win epoch 112/400 train_acc=77.5143 test_release_parity_acc=75.2577
win epoch 113/400 train_acc=76.4513 test_release_parity_acc=74.7423
win epoch 114/400 train_acc=76.0425 test_release_parity_acc=74.7423
win epoch 115/400 train_acc=76.4513 test_release_parity_acc=75.2577
win epoch 116/400 train_acc=77.1055 test_release_parity_acc=77.1478
win epoch 117/400 train_acc=78.6590 test_release_parity_acc=78.3505
win epoch 118/400 train_acc=80.4579 test_release_parity_acc=79.5533
win epoch 119/400 train_acc=81.7661 test_release_parity_acc=81.0997
win epoch 120/400 train_acc=83.4015 test_release_parity_acc=81.9588
win epoch 121/400 train_acc=84.3827 test_release_parity_acc=84.3643
win epoch 122/400 train_acc=85.2003 test_release_parity_acc=85.3952
win epoch 123/400 train_acc=86.5904 test_release_parity_acc=84.7079
win epoch 124/400 train_acc=86.1815 test_release_parity_acc=84.1924
win epoch 125/400 train_acc=85.3639 test_release_parity_acc=81.4433
win epoch 126/400 train_acc=83.3197 test_release_parity_acc=77.8351
win epoch 127/400 train_acc=80.3761 test_release_parity_acc=76.4605
win epoch 128/400 train_acc=79.1496 test_release_parity_acc=75.6014
win epoch 129/400 train_acc=78.4955 test_release_parity_acc=75.9450
win epoch 130/400 train_acc=78.9861 test_release_parity_acc=76.9759
win epoch 131/400 train_acc=80.3761 test_release_parity_acc=78.5223
win epoch 132/400 train_acc=82.6656 test_release_parity_acc=81.9588
win epoch 133/400 train_acc=85.2821 test_release_parity_acc=84.0206
win epoch 134/400 train_acc=86.4268 test_release_parity_acc=84.3643
win epoch 135/400 train_acc=86.3451 test_release_parity_acc=84.5361
win epoch 136/400 train_acc=85.8545 test_release_parity_acc=84.0206
win epoch 137/400 train_acc=85.2821 test_release_parity_acc=83.5052
win epoch 138/400 train_acc=84.8733 test_release_parity_acc=82.8179
win epoch 139/400 train_acc=83.5650 test_release_parity_acc=81.6151
win epoch 140/400 train_acc=81.7661 test_release_parity_acc=79.8969
win epoch 141/400 train_acc=81.0303 test_release_parity_acc=79.5533
win epoch 142/400 train_acc=80.2126 test_release_parity_acc=78.5223
win epoch 143/400 train_acc=79.8038 test_release_parity_acc=78.0069
win epoch 144/400 train_acc=79.7220 test_release_parity_acc=77.8351
win epoch 145/400 train_acc=79.7220 test_release_parity_acc=78.1787
win epoch 146/400 train_acc=80.1308 test_release_parity_acc=79.3814
win epoch 147/400 train_acc=80.5397 test_release_parity_acc=79.7251
win epoch 148/400 train_acc=81.1120 test_release_parity_acc=80.4124
win epoch 149/400 train_acc=82.6656 test_release_parity_acc=82.6460
win epoch 150/400 train_acc=84.7915 test_release_parity_acc=83.8488
win epoch 151/400 train_acc=85.3639 test_release_parity_acc=84.0206
win epoch 152/400 train_acc=86.2633 test_release_parity_acc=85.0515
win epoch 153/400 train_acc=86.9174 test_release_parity_acc=85.5670
win epoch 154/400 train_acc=87.4080 test_release_parity_acc=85.3952
win epoch 155/400 train_acc=86.5904 test_release_parity_acc=83.6770
win epoch 156/400 train_acc=85.9362 test_release_parity_acc=82.3024
win epoch 157/400 train_acc=83.9738 test_release_parity_acc=79.7251
win epoch 158/400 train_acc=81.5209 test_release_parity_acc=78.5223
win epoch 159/400 train_acc=80.0491 test_release_parity_acc=77.1478
win epoch 160/400 train_acc=79.8038 test_release_parity_acc=77.1478
win epoch 161/400 train_acc=80.2126 test_release_parity_acc=78.0069
win epoch 162/400 train_acc=80.9485 test_release_parity_acc=79.2096
win epoch 163/400 train_acc=82.5838 test_release_parity_acc=81.4433
win epoch 164/400 train_acc=85.4456 test_release_parity_acc=82.6460
win epoch 165/400 train_acc=86.8357 test_release_parity_acc=85.0515
win epoch 166/400 train_acc=87.9804 test_release_parity_acc=87.1134
win epoch 167/400 train_acc=88.3074 test_release_parity_acc=87.1134
win epoch 168/400 train_acc=88.0621 test_release_parity_acc=85.9107
win epoch 169/400 train_acc=87.1627 test_release_parity_acc=85.2234
win epoch 170/400 train_acc=85.5274 test_release_parity_acc=84.0206
win epoch 171/400 train_acc=84.7915 test_release_parity_acc=82.4742
win epoch 172/400 train_acc=83.1562 test_release_parity_acc=81.0997
win epoch 173/400 train_acc=82.0932 test_release_parity_acc=80.4124
win epoch 174/400 train_acc=81.3573 test_release_parity_acc=79.5533
win epoch 175/400 train_acc=80.7850 test_release_parity_acc=79.2096
win epoch 176/400 train_acc=80.5397 test_release_parity_acc=79.0378
win epoch 177/400 train_acc=80.6214 test_release_parity_acc=79.0378
win epoch 178/400 train_acc=80.7850 test_release_parity_acc=79.3814
win epoch 179/400 train_acc=81.3573 test_release_parity_acc=80.4124
win epoch 180/400 train_acc=81.9297 test_release_parity_acc=81.9588
win epoch 181/400 train_acc=83.4015 test_release_parity_acc=83.3333
win epoch 182/400 train_acc=84.6280 test_release_parity_acc=85.0515
win epoch 183/400 train_acc=86.4268 test_release_parity_acc=85.9107
win epoch 184/400 train_acc=88.2257 test_release_parity_acc=87.1134
win epoch 185/400 train_acc=89.4522 test_release_parity_acc=88.1443
win epoch 186/400 train_acc=89.8610 test_release_parity_acc=88.3162
win epoch 187/400 train_acc=90.2698 test_release_parity_acc=87.2852
win epoch 188/400 train_acc=89.0433 test_release_parity_acc=85.7388
win epoch 189/400 train_acc=87.9804 test_release_parity_acc=83.8488
win epoch 190/400 train_acc=86.2633 test_release_parity_acc=81.0997
win epoch 191/400 train_acc=83.5650 test_release_parity_acc=79.5533
win epoch 192/400 train_acc=82.5020 test_release_parity_acc=78.5223
win epoch 193/400 train_acc=81.1938 test_release_parity_acc=77.8351
win epoch 194/400 train_acc=80.6214 test_release_parity_acc=77.6632
win epoch 195/400 train_acc=81.1938 test_release_parity_acc=78.6942
win epoch 196/400 train_acc=82.4203 test_release_parity_acc=79.5533
win epoch 197/400 train_acc=84.1374 test_release_parity_acc=81.0997
win epoch 198/400 train_acc=86.7539 test_release_parity_acc=84.7079
win epoch 199/400 train_acc=88.8798 test_release_parity_acc=86.7698
win epoch 200/400 train_acc=90.5151 test_release_parity_acc=88.4880
win epoch 201/400 train_acc=91.4146 test_release_parity_acc=88.6598
win epoch 202/400 train_acc=92.1504 test_release_parity_acc=89.8625
win epoch 203/400 train_acc=90.9240 test_release_parity_acc=89.1753
win epoch 204/400 train_acc=89.6157 test_release_parity_acc=87.2852
win epoch 205/400 train_acc=87.6533 test_release_parity_acc=86.2543
win epoch 206/400 train_acc=85.9362 test_release_parity_acc=84.8797
win epoch 207/400 train_acc=84.9550 test_release_parity_acc=83.5052
win epoch 208/400 train_acc=83.5650 test_release_parity_acc=82.1306
win epoch 209/400 train_acc=82.4203 test_release_parity_acc=81.0997
win epoch 210/400 train_acc=81.3573 test_release_parity_acc=80.2405
win epoch 211/400 train_acc=80.9485 test_release_parity_acc=79.8969
win epoch 212/400 train_acc=80.7032 test_release_parity_acc=79.8969
win epoch 213/400 train_acc=81.1120 test_release_parity_acc=80.4124
win epoch 214/400 train_acc=81.6844 test_release_parity_acc=81.2715
win epoch 215/400 train_acc=82.5838 test_release_parity_acc=82.4742
win epoch 216/400 train_acc=83.5650 test_release_parity_acc=83.6770
win epoch 217/400 train_acc=85.0368 test_release_parity_acc=85.3952
win epoch 218/400 train_acc=87.0809 test_release_parity_acc=87.2852
win epoch 219/400 train_acc=88.3074 test_release_parity_acc=88.3162
win epoch 220/400 train_acc=90.1063 test_release_parity_acc=89.3471
win epoch 221/400 train_acc=91.9052 test_release_parity_acc=89.8625
win epoch 222/400 train_acc=92.0687 test_release_parity_acc=89.0034
win epoch 223/400 train_acc=92.1504 test_release_parity_acc=89.0034
win epoch 224/400 train_acc=91.4963 test_release_parity_acc=88.3162
win epoch 225/400 train_acc=91.1693 test_release_parity_acc=87.6289
win epoch 226/400 train_acc=89.3704 test_release_parity_acc=84.3643
win epoch 227/400 train_acc=87.4080 test_release_parity_acc=83.5052
win epoch 228/400 train_acc=85.6092 test_release_parity_acc=81.7869
win epoch 229/400 train_acc=84.5462 test_release_parity_acc=81.4433
win epoch 230/400 train_acc=84.0556 test_release_parity_acc=80.9278
win epoch 231/400 train_acc=83.8921 test_release_parity_acc=81.6151
win epoch 232/400 train_acc=84.3009 test_release_parity_acc=81.6151
win epoch 233/400 train_acc=85.7727 test_release_parity_acc=82.8179
win epoch 234/400 train_acc=87.2445 test_release_parity_acc=84.8797
win epoch 235/400 train_acc=89.6157 test_release_parity_acc=88.3162
win epoch 236/400 train_acc=91.2510 test_release_parity_acc=88.6598
win epoch 237/400 train_acc=91.8234 test_release_parity_acc=89.6907
win epoch 238/400 train_acc=91.9052 test_release_parity_acc=90.0344
win epoch 239/400 train_acc=92.5593 test_release_parity_acc=90.7216
win epoch 240/400 train_acc=92.7228 test_release_parity_acc=91.2371
win epoch 241/400 train_acc=91.9052 test_release_parity_acc=89.5189
win epoch 242/400 train_acc=90.7604 test_release_parity_acc=88.3162
win epoch 243/400 train_acc=88.2257 test_release_parity_acc=86.4261
win epoch 244/400 train_acc=87.5715 test_release_parity_acc=86.0825
win epoch 245/400 train_acc=86.4268 test_release_parity_acc=85.0515
win epoch 246/400 train_acc=85.2821 test_release_parity_acc=84.0206
win epoch 247/400 train_acc=84.6280 test_release_parity_acc=83.1615
win epoch 248/400 train_acc=84.0556 test_release_parity_acc=82.9897
win epoch 249/400 train_acc=83.8921 test_release_parity_acc=83.1615
win epoch 250/400 train_acc=84.0556 test_release_parity_acc=83.8488
win epoch 251/400 train_acc=84.9550 test_release_parity_acc=84.5361
win epoch 252/400 train_acc=85.7727 test_release_parity_acc=85.5670
win epoch 253/400 train_acc=86.6721 test_release_parity_acc=86.5979
win epoch 254/400 train_acc=88.1439 test_release_parity_acc=88.1443
win epoch 255/400 train_acc=89.8610 test_release_parity_acc=89.1753
win epoch 256/400 train_acc=91.7416 test_release_parity_acc=91.2371
win epoch 257/400 train_acc=92.3140 test_release_parity_acc=92.0962
win epoch 258/400 train_acc=93.2952 test_release_parity_acc=91.0653
win epoch 259/400 train_acc=93.3769 test_release_parity_acc=91.2371
win epoch 260/400 train_acc=93.2134 test_release_parity_acc=90.5498
win epoch 261/400 train_acc=92.7228 test_release_parity_acc=89.6907
win epoch 262/400 train_acc=92.3140 test_release_parity_acc=88.1443
win epoch 263/400 train_acc=91.0875 test_release_parity_acc=86.7698
win epoch 264/400 train_acc=89.4522 test_release_parity_acc=85.7388
win epoch 265/400 train_acc=87.8986 test_release_parity_acc=84.7079
win epoch 266/400 train_acc=86.2633 test_release_parity_acc=83.6770
win epoch 267/400 train_acc=85.6092 test_release_parity_acc=82.8179
win epoch 268/400 train_acc=85.3639 test_release_parity_acc=83.1615
win epoch 269/400 train_acc=85.9362 test_release_parity_acc=84.0206
win epoch 270/400 train_acc=86.9174 test_release_parity_acc=85.0515
win epoch 271/400 train_acc=88.1439 test_release_parity_acc=86.2543
win epoch 272/400 train_acc=89.6975 test_release_parity_acc=87.1134
win epoch 273/400 train_acc=91.4963 test_release_parity_acc=88.6598
win epoch 274/400 train_acc=92.8046 test_release_parity_acc=90.8935
win epoch 275/400 train_acc=93.5405 test_release_parity_acc=91.7526
win epoch 276/400 train_acc=94.1946 test_release_parity_acc=91.9244
win epoch 277/400 train_acc=94.6852 test_release_parity_acc=92.6117
win epoch 278/400 train_acc=94.5217 test_release_parity_acc=92.6117
win epoch 279/400 train_acc=93.7858 test_release_parity_acc=91.9244
win epoch 280/400 train_acc=92.7228 test_release_parity_acc=90.8935
win epoch 281/400 train_acc=91.1693 test_release_parity_acc=88.6598
win epoch 282/400 train_acc=89.6157 test_release_parity_acc=87.9725
win epoch 283/400 train_acc=88.3074 test_release_parity_acc=86.7698
win epoch 284/400 train_acc=87.2445 test_release_parity_acc=86.0825
win epoch 285/400 train_acc=86.1815 test_release_parity_acc=85.2234
win epoch 286/400 train_acc=85.4456 test_release_parity_acc=84.5361
win epoch 287/400 train_acc=84.8733 test_release_parity_acc=84.5361
win epoch 288/400 train_acc=84.9550 test_release_parity_acc=84.5361
win epoch 289/400 train_acc=85.3639 test_release_parity_acc=85.2234
win epoch 290/400 train_acc=86.0180 test_release_parity_acc=86.0825
win epoch 291/400 train_acc=87.3262 test_release_parity_acc=87.4570
win epoch 292/400 train_acc=88.7980 test_release_parity_acc=88.8316
win epoch 293/400 train_acc=90.1881 test_release_parity_acc=90.5498
win epoch 294/400 train_acc=92.0687 test_release_parity_acc=91.9244
win epoch 295/400 train_acc=93.7858 test_release_parity_acc=92.2680
win epoch 296/400 train_acc=95.1758 test_release_parity_acc=93.2990
win epoch 297/400 train_acc=95.5029 test_release_parity_acc=93.6426
win epoch 298/400 train_acc=96.0752 test_release_parity_acc=93.8144
win epoch 299/400 train_acc=96.1570 test_release_parity_acc=93.1271
win epoch 300/400 train_acc=95.4211 test_release_parity_acc=91.4089
win epoch 301/400 train_acc=94.0311 test_release_parity_acc=89.6907
win epoch 302/400 train_acc=92.9681 test_release_parity_acc=88.8316
win epoch 303/400 train_acc=91.5781 test_release_parity_acc=87.6289
win epoch 304/400 train_acc=90.3516 test_release_parity_acc=85.9107
win epoch 305/400 train_acc=88.9616 test_release_parity_acc=84.3643
win epoch 306/400 train_acc=87.7351 test_release_parity_acc=84.0206
win epoch 307/400 train_acc=86.9992 test_release_parity_acc=83.6770
win epoch 308/400 train_acc=87.0809 test_release_parity_acc=83.5052
win epoch 309/400 train_acc=87.7351 test_release_parity_acc=85.2234
win epoch 310/400 train_acc=89.2886 test_release_parity_acc=86.0825
win epoch 311/400 train_acc=91.0057 test_release_parity_acc=87.2852
win epoch 312/400 train_acc=92.0687 test_release_parity_acc=89.5189
win epoch 313/400 train_acc=93.1316 test_release_parity_acc=90.8935
win epoch 314/400 train_acc=95.1758 test_release_parity_acc=93.1271
win epoch 315/400 train_acc=96.4023 test_release_parity_acc=93.6426
win epoch 316/400 train_acc=96.5658 test_release_parity_acc=93.9863
win epoch 317/400 train_acc=97.0564 test_release_parity_acc=94.1581
win epoch 318/400 train_acc=96.3205 test_release_parity_acc=93.6426
win epoch 319/400 train_acc=95.3393 test_release_parity_acc=92.9553
win epoch 320/400 train_acc=94.4399 test_release_parity_acc=93.1271
win epoch 321/400 train_acc=93.5405 test_release_parity_acc=92.0962
win epoch 322/400 train_acc=91.5781 test_release_parity_acc=90.2062
win epoch 323/400 train_acc=89.9428 test_release_parity_acc=88.3162
win epoch 324/400 train_acc=88.3074 test_release_parity_acc=86.7698
win epoch 325/400 train_acc=87.0809 test_release_parity_acc=86.2543
win epoch 326/400 train_acc=86.6721 test_release_parity_acc=86.0825
win epoch 327/400 train_acc=86.2633 test_release_parity_acc=85.5670
win epoch 328/400 train_acc=86.2633 test_release_parity_acc=86.0825
win epoch 329/400 train_acc=86.7539 test_release_parity_acc=86.4261
win epoch 330/400 train_acc=87.1627 test_release_parity_acc=87.2852
win epoch 331/400 train_acc=88.7980 test_release_parity_acc=88.4880
win epoch 332/400 train_acc=89.9428 test_release_parity_acc=90.3780
win epoch 333/400 train_acc=91.7416 test_release_parity_acc=91.9244
win epoch 334/400 train_acc=93.4587 test_release_parity_acc=92.9553
win epoch 335/400 train_acc=94.6034 test_release_parity_acc=93.9863
win epoch 336/400 train_acc=95.7482 test_release_parity_acc=93.9863
win epoch 337/400 train_acc=96.8929 test_release_parity_acc=94.3299
win epoch 338/400 train_acc=97.2200 test_release_parity_acc=94.6735
win epoch 339/400 train_acc=97.3017 test_release_parity_acc=93.9863
win epoch 340/400 train_acc=96.7294 test_release_parity_acc=93.4708
win epoch 341/400 train_acc=96.4841 test_release_parity_acc=92.2680
win epoch 342/400 train_acc=95.5029 test_release_parity_acc=91.4089
win epoch 343/400 train_acc=94.4399 test_release_parity_acc=90.2062
win epoch 344/400 train_acc=92.8046 test_release_parity_acc=87.9725
win epoch 345/400 train_acc=91.3328 test_release_parity_acc=86.4261
win epoch 346/400 train_acc=89.6157 test_release_parity_acc=84.8797
win epoch 347/400 train_acc=88.4710 test_release_parity_acc=84.0206
win epoch 348/400 train_acc=87.7351 test_release_parity_acc=84.0206
win epoch 349/400 train_acc=87.6533 test_release_parity_acc=84.3643
win epoch 350/400 train_acc=88.4710 test_release_parity_acc=85.7388
win epoch 351/400 train_acc=90.2698 test_release_parity_acc=87.1134
win epoch 352/400 train_acc=91.8234 test_release_parity_acc=89.0034
win epoch 353/400 train_acc=93.3769 test_release_parity_acc=90.7216
win epoch 354/400 train_acc=94.5217 test_release_parity_acc=91.9244
win epoch 355/400 train_acc=95.8299 test_release_parity_acc=93.2990
win epoch 356/400 train_acc=97.0564 test_release_parity_acc=93.8144
win epoch 357/400 train_acc=97.2200 test_release_parity_acc=94.6735
win epoch 358/400 train_acc=97.2200 test_release_parity_acc=94.5017
win epoch 359/400 train_acc=97.3835 test_release_parity_acc=94.3299
win epoch 360/400 train_acc=96.8111 test_release_parity_acc=94.1581
win epoch 361/400 train_acc=96.3205 test_release_parity_acc=93.6426
win epoch 362/400 train_acc=95.4211 test_release_parity_acc=92.7835
win epoch 363/400 train_acc=94.5217 test_release_parity_acc=92.6117
win epoch 364/400 train_acc=93.3769 test_release_parity_acc=91.7526
win epoch 365/400 train_acc=91.9052 test_release_parity_acc=90.7216
win epoch 366/400 train_acc=91.0057 test_release_parity_acc=89.6907
win epoch 367/400 train_acc=89.6975 test_release_parity_acc=88.8316
win epoch 368/400 train_acc=89.2069 test_release_parity_acc=87.8007
win epoch 369/400 train_acc=88.3892 test_release_parity_acc=87.6289
win epoch 370/400 train_acc=88.3892 test_release_parity_acc=87.8007
win epoch 371/400 train_acc=88.7163 test_release_parity_acc=88.3162
win epoch 372/400 train_acc=89.0433 test_release_parity_acc=88.8316
win epoch 373/400 train_acc=90.0245 test_release_parity_acc=90.0344
win epoch 374/400 train_acc=91.1693 test_release_parity_acc=90.7216
win epoch 375/400 train_acc=92.3957 test_release_parity_acc=91.5808
win epoch 376/400 train_acc=93.5405 test_release_parity_acc=92.6117
win epoch 377/400 train_acc=94.6034 test_release_parity_acc=93.6426
win epoch 378/400 train_acc=96.2388 test_release_parity_acc=94.6735
win epoch 379/400 train_acc=97.0564 test_release_parity_acc=95.0172
win epoch 380/400 train_acc=97.7923 test_release_parity_acc=95.3608
win epoch 381/400 train_acc=98.6100 test_release_parity_acc=96.0481
win epoch 382/400 train_acc=98.7735 test_release_parity_acc=95.3608
win epoch 383/400 train_acc=98.6100 test_release_parity_acc=95.5326
win epoch 384/400 train_acc=98.3647 test_release_parity_acc=95.1890
win epoch 385/400 train_acc=98.2011 test_release_parity_acc=94.3299
win epoch 386/400 train_acc=97.7105 test_release_parity_acc=93.2990
win epoch 387/400 train_acc=96.4841 test_release_parity_acc=91.5808
win epoch 388/400 train_acc=94.8487 test_release_parity_acc=90.5498
win epoch 389/400 train_acc=93.9493 test_release_parity_acc=89.0034
win epoch 390/400 train_acc=92.8046 test_release_parity_acc=87.9725
win epoch 391/400 train_acc=91.7416 test_release_parity_acc=87.2852
win epoch 392/400 train_acc=91.3328 test_release_parity_acc=86.5979
win epoch 393/400 train_acc=90.9240 test_release_parity_acc=86.5979
win epoch 394/400 train_acc=91.0057 test_release_parity_acc=86.9416
win epoch 395/400 train_acc=91.5781 test_release_parity_acc=87.9725
win epoch 396/400 train_acc=92.6410 test_release_parity_acc=89.0034
win epoch 397/400 train_acc=93.7858 test_release_parity_acc=90.0344
win epoch 398/400 train_acc=95.3393 test_release_parity_acc=91.4089
win epoch 399/400 train_acc=96.5658 test_release_parity_acc=93.1271
win epoch 400/400 train_acc=97.3835 test_release_parity_acc=94.3299
saved: Output/reproduction/formal/release_code_parity_wd0.0001/BLCNN_release_code_parity_win_result.csv
saved: Output/reproduction/formal/release_code_parity_wd0.0001/BLCNN_release_code_parity_win_result.json
potted_after_break epoch 1/400 train_acc=9.7302 test_release_parity_acc=18.2131
potted_after_break epoch 2/400 train_acc=28.2093 test_release_parity_acc=34.1924
potted_after_break epoch 3/400 train_acc=34.6688 test_release_parity_acc=35.7388
potted_after_break epoch 4/400 train_acc=34.7506 test_release_parity_acc=35.7388
potted_after_break epoch 5/400 train_acc=34.7506 test_release_parity_acc=35.7388
potted_after_break epoch 6/400 train_acc=34.7506 test_release_parity_acc=35.7388
potted_after_break epoch 7/400 train_acc=34.6688 test_release_parity_acc=35.7388
potted_after_break epoch 8/400 train_acc=35.2412 test_release_parity_acc=36.0825
potted_after_break epoch 9/400 train_acc=39.4113 test_release_parity_acc=45.7045
potted_after_break epoch 10/400 train_acc=52.4939 test_release_parity_acc=54.8110
potted_after_break epoch 11/400 train_acc=58.2993 test_release_parity_acc=56.5292
potted_after_break epoch 12/400 train_acc=57.2363 test_release_parity_acc=55.6701
potted_after_break epoch 13/400 train_acc=56.4186 test_release_parity_acc=56.7010
potted_after_break epoch 14/400 train_acc=59.1169 test_release_parity_acc=57.9038
potted_after_break epoch 15/400 train_acc=61.1611 test_release_parity_acc=59.4502
potted_after_break epoch 16/400 train_acc=62.3876 test_release_parity_acc=59.4502
potted_after_break epoch 17/400 train_acc=62.3876 test_release_parity_acc=58.9347
potted_after_break epoch 18/400 train_acc=61.1611 test_release_parity_acc=58.7629
potted_after_break epoch 19/400 train_acc=60.2617 test_release_parity_acc=58.2474
potted_after_break epoch 20/400 train_acc=59.9346 test_release_parity_acc=58.9347
potted_after_break epoch 21/400 train_acc=61.0793 test_release_parity_acc=59.6220
potted_after_break epoch 22/400 train_acc=62.4693 test_release_parity_acc=60.3093
potted_after_break epoch 23/400 train_acc=63.6141 test_release_parity_acc=60.9966
potted_after_break epoch 24/400 train_acc=63.6958 test_release_parity_acc=61.8557
potted_after_break epoch 25/400 train_acc=64.2682 test_release_parity_acc=61.8557
potted_after_break epoch 26/400 train_acc=64.3500 test_release_parity_acc=61.8557
potted_after_break epoch 27/400 train_acc=64.1864 test_release_parity_acc=62.1993
potted_after_break epoch 28/400 train_acc=64.2682 test_release_parity_acc=62.3711
potted_after_break epoch 29/400 train_acc=64.5953 test_release_parity_acc=62.5430
potted_after_break epoch 30/400 train_acc=64.5953 test_release_parity_acc=62.7148
potted_after_break epoch 31/400 train_acc=64.6770 test_release_parity_acc=62.0275
potted_after_break epoch 32/400 train_acc=64.1047 test_release_parity_acc=61.6838
potted_after_break epoch 33/400 train_acc=64.0229 test_release_parity_acc=61.1684
potted_after_break epoch 34/400 train_acc=64.1864 test_release_parity_acc=61.6838
potted_after_break epoch 35/400 train_acc=64.3500 test_release_parity_acc=61.8557
potted_after_break epoch 36/400 train_acc=64.4317 test_release_parity_acc=61.1684
potted_after_break epoch 37/400 train_acc=64.3500 test_release_parity_acc=60.9966
potted_after_break epoch 38/400 train_acc=65.0041 test_release_parity_acc=62.1993
potted_after_break epoch 39/400 train_acc=65.4947 test_release_parity_acc=62.5430
potted_after_break epoch 40/400 train_acc=66.0670 test_release_parity_acc=62.8866
potted_after_break epoch 41/400 train_acc=66.1488 test_release_parity_acc=63.2302
potted_after_break epoch 42/400 train_acc=66.2306 test_release_parity_acc=63.7457
potted_after_break epoch 43/400 train_acc=66.7212 test_release_parity_acc=64.2612
potted_after_break epoch 44/400 train_acc=67.0482 test_release_parity_acc=64.4330
potted_after_break epoch 45/400 train_acc=66.8847 test_release_parity_acc=64.0893
potted_after_break epoch 46/400 train_acc=66.8847 test_release_parity_acc=63.9175
potted_after_break epoch 47/400 train_acc=67.0482 test_release_parity_acc=64.6048
potted_after_break epoch 48/400 train_acc=67.4571 test_release_parity_acc=64.2612
potted_after_break epoch 49/400 train_acc=67.5388 test_release_parity_acc=64.2612
potted_after_break epoch 50/400 train_acc=67.8659 test_release_parity_acc=64.4330
potted_after_break epoch 51/400 train_acc=68.0294 test_release_parity_acc=64.6048
potted_after_break epoch 52/400 train_acc=68.5200 test_release_parity_acc=64.6048
potted_after_break epoch 53/400 train_acc=68.5200 test_release_parity_acc=64.4330
potted_after_break epoch 54/400 train_acc=68.6018 test_release_parity_acc=64.2612
potted_after_break epoch 55/400 train_acc=68.5200 test_release_parity_acc=64.0893
potted_after_break epoch 56/400 train_acc=68.5200 test_release_parity_acc=64.6048
potted_after_break epoch 57/400 train_acc=68.7653 test_release_parity_acc=65.2921
potted_after_break epoch 58/400 train_acc=68.6836 test_release_parity_acc=64.7766
potted_after_break epoch 59/400 train_acc=68.4383 test_release_parity_acc=64.9485
potted_after_break epoch 60/400 train_acc=68.4383 test_release_parity_acc=64.9485
potted_after_break epoch 61/400 train_acc=68.2747 test_release_parity_acc=65.4639
potted_after_break epoch 62/400 train_acc=68.4383 test_release_parity_acc=65.4639
potted_after_break epoch 63/400 train_acc=68.5200 test_release_parity_acc=65.6357
potted_after_break epoch 64/400 train_acc=68.7653 test_release_parity_acc=65.8076
potted_after_break epoch 65/400 train_acc=69.0106 test_release_parity_acc=66.3230
potted_after_break epoch 66/400 train_acc=69.5012 test_release_parity_acc=66.3230
potted_after_break epoch 67/400 train_acc=69.9101 test_release_parity_acc=66.6667
potted_after_break epoch 68/400 train_acc=70.2371 test_release_parity_acc=66.6667
potted_after_break epoch 69/400 train_acc=70.4007 test_release_parity_acc=67.1821
potted_after_break epoch 70/400 train_acc=70.7277 test_release_parity_acc=67.0103
potted_after_break epoch 71/400 train_acc=70.8913 test_release_parity_acc=66.8385
potted_after_break epoch 72/400 train_acc=70.8913 test_release_parity_acc=67.0103
potted_after_break epoch 73/400 train_acc=71.1365 test_release_parity_acc=67.3540
potted_after_break epoch 74/400 train_acc=71.3001 test_release_parity_acc=67.1821
potted_after_break epoch 75/400 train_acc=71.1365 test_release_parity_acc=67.1821
potted_after_break epoch 76/400 train_acc=71.2183 test_release_parity_acc=67.0103
potted_after_break epoch 77/400 train_acc=71.1365 test_release_parity_acc=67.5258
potted_after_break epoch 78/400 train_acc=71.3001 test_release_parity_acc=67.5258
potted_after_break epoch 79/400 train_acc=71.3001 test_release_parity_acc=67.8694
potted_after_break epoch 80/400 train_acc=70.9730 test_release_parity_acc=68.0412
potted_after_break epoch 81/400 train_acc=70.6460 test_release_parity_acc=67.5258
potted_after_break epoch 82/400 train_acc=70.4007 test_release_parity_acc=67.5258
potted_after_break epoch 83/400 train_acc=70.4824 test_release_parity_acc=67.6976
potted_after_break epoch 84/400 train_acc=70.5642 test_release_parity_acc=67.8694
potted_after_break epoch 85/400 train_acc=70.9730 test_release_parity_acc=68.2131
potted_after_break epoch 86/400 train_acc=71.3818 test_release_parity_acc=68.3849
potted_after_break epoch 87/400 train_acc=72.1177 test_release_parity_acc=68.9003
potted_after_break epoch 88/400 train_acc=72.4448 test_release_parity_acc=68.7285
potted_after_break epoch 89/400 train_acc=72.7719 test_release_parity_acc=68.5567
potted_after_break epoch 90/400 train_acc=72.9354 test_release_parity_acc=69.4158
potted_after_break epoch 91/400 train_acc=73.5078 test_release_parity_acc=69.4158
potted_after_break epoch 92/400 train_acc=73.7531 test_release_parity_acc=69.7595
potted_after_break epoch 93/400 train_acc=73.9166 test_release_parity_acc=69.9313
potted_after_break epoch 94/400 train_acc=73.9984 test_release_parity_acc=70.1031
potted_after_break epoch 95/400 train_acc=74.4072 test_release_parity_acc=70.4467
potted_after_break epoch 96/400 train_acc=74.4890 test_release_parity_acc=70.7904
potted_after_break epoch 97/400 train_acc=74.4890 test_release_parity_acc=70.7904
potted_after_break epoch 98/400 train_acc=74.3254 test_release_parity_acc=70.6186
potted_after_break epoch 99/400 train_acc=74.3254 test_release_parity_acc=70.2749
potted_after_break epoch 100/400 train_acc=74.5707 test_release_parity_acc=70.6186
potted_after_break epoch 101/400 train_acc=74.4072 test_release_parity_acc=71.1340
potted_after_break epoch 102/400 train_acc=74.8160 test_release_parity_acc=71.8213
potted_after_break epoch 103/400 train_acc=75.0613 test_release_parity_acc=71.6495
potted_after_break epoch 104/400 train_acc=74.8160 test_release_parity_acc=71.8213
potted_after_break epoch 105/400 train_acc=74.4890 test_release_parity_acc=71.9931
potted_after_break epoch 106/400 train_acc=74.9796 test_release_parity_acc=72.6804
potted_after_break epoch 107/400 train_acc=75.2249 test_release_parity_acc=72.6804
potted_after_break epoch 108/400 train_acc=75.5519 test_release_parity_acc=72.6804
potted_after_break epoch 109/400 train_acc=76.0425 test_release_parity_acc=72.3368
potted_after_break epoch 110/400 train_acc=76.2061 test_release_parity_acc=71.8213
potted_after_break epoch 111/400 train_acc=75.9608 test_release_parity_acc=71.9931
potted_after_break epoch 112/400 train_acc=75.9608 test_release_parity_acc=72.1649
potted_after_break epoch 113/400 train_acc=75.7972 test_release_parity_acc=71.8213
potted_after_break epoch 114/400 train_acc=75.7155 test_release_parity_acc=71.4777
potted_after_break epoch 115/400 train_acc=75.8790 test_release_parity_acc=71.6495
potted_after_break epoch 116/400 train_acc=76.1243 test_release_parity_acc=71.6495
potted_after_break epoch 117/400 train_acc=76.2878 test_release_parity_acc=71.8213
potted_after_break epoch 118/400 train_acc=76.3696 test_release_parity_acc=72.1649
potted_after_break epoch 119/400 train_acc=76.5331 test_release_parity_acc=72.1649
potted_after_break epoch 120/400 train_acc=76.7784 test_release_parity_acc=72.1649
potted_after_break epoch 121/400 train_acc=76.9419 test_release_parity_acc=72.3368
potted_after_break epoch 122/400 train_acc=76.9419 test_release_parity_acc=72.1649
potted_after_break epoch 123/400 train_acc=76.7784 test_release_parity_acc=72.8522
potted_after_break epoch 124/400 train_acc=77.1055 test_release_parity_acc=73.1959
potted_after_break epoch 125/400 train_acc=77.3508 test_release_parity_acc=73.3677
potted_after_break epoch 126/400 train_acc=77.4325 test_release_parity_acc=73.3677
potted_after_break epoch 127/400 train_acc=77.6778 test_release_parity_acc=73.8832
potted_after_break epoch 128/400 train_acc=77.8414 test_release_parity_acc=74.0550
potted_after_break epoch 129/400 train_acc=78.3320 test_release_parity_acc=74.5704
potted_after_break epoch 130/400 train_acc=78.2502 test_release_parity_acc=74.0550
potted_after_break epoch 131/400 train_acc=78.2502 test_release_parity_acc=74.9141
potted_after_break epoch 132/400 train_acc=78.6590 test_release_parity_acc=74.3986
potted_after_break epoch 133/400 train_acc=78.7408 test_release_parity_acc=74.0550
potted_after_break epoch 134/400 train_acc=78.4137 test_release_parity_acc=73.8832
potted_after_break epoch 135/400 train_acc=78.5773 test_release_parity_acc=74.3986
potted_after_break epoch 136/400 train_acc=78.3320 test_release_parity_acc=74.5704
potted_after_break epoch 137/400 train_acc=78.3320 test_release_parity_acc=74.2268
potted_after_break epoch 138/400 train_acc=78.0867 test_release_parity_acc=74.0550
potted_after_break epoch 139/400 train_acc=78.1684 test_release_parity_acc=73.5395
potted_after_break epoch 140/400 train_acc=78.0867 test_release_parity_acc=73.3677
potted_after_break epoch 141/400 train_acc=77.9231 test_release_parity_acc=73.8832
potted_after_break epoch 142/400 train_acc=78.4137 test_release_parity_acc=75.0859
potted_after_break epoch 143/400 train_acc=78.7408 test_release_parity_acc=74.9141
potted_after_break epoch 144/400 train_acc=78.7408 test_release_parity_acc=75.0859
potted_after_break epoch 145/400 train_acc=78.7408 test_release_parity_acc=75.0859
potted_after_break epoch 146/400 train_acc=78.4955 test_release_parity_acc=74.9141
potted_after_break epoch 147/400 train_acc=78.4955 test_release_parity_acc=75.2577
potted_after_break epoch 148/400 train_acc=78.4955 test_release_parity_acc=75.2577
potted_after_break epoch 149/400 train_acc=78.4955 test_release_parity_acc=75.4296
potted_after_break epoch 150/400 train_acc=79.0679 test_release_parity_acc=75.7732
potted_after_break epoch 151/400 train_acc=79.4767 test_release_parity_acc=75.9450
potted_after_break epoch 152/400 train_acc=79.4767 test_release_parity_acc=76.4605
potted_after_break epoch 153/400 train_acc=80.2126 test_release_parity_acc=76.9759
potted_after_break epoch 154/400 train_acc=80.2126 test_release_parity_acc=76.4605
potted_after_break epoch 155/400 train_acc=80.5397 test_release_parity_acc=77.4914
potted_after_break epoch 156/400 train_acc=81.0303 test_release_parity_acc=76.6323
potted_after_break epoch 157/400 train_acc=80.7850 test_release_parity_acc=76.9759
potted_after_break epoch 158/400 train_acc=80.6214 test_release_parity_acc=76.6323
potted_after_break epoch 159/400 train_acc=80.5397 test_release_parity_acc=76.8041
potted_after_break epoch 160/400 train_acc=80.8667 test_release_parity_acc=77.1478
potted_after_break epoch 161/400 train_acc=81.2756 test_release_parity_acc=78.0069
potted_after_break epoch 162/400 train_acc=81.6844 test_release_parity_acc=78.3505
potted_after_break epoch 163/400 train_acc=81.7661 test_release_parity_acc=78.3505
potted_after_break epoch 164/400 train_acc=81.8479 test_release_parity_acc=78.3505
potted_after_break epoch 165/400 train_acc=81.7661 test_release_parity_acc=78.6942
potted_after_break epoch 166/400 train_acc=81.7661 test_release_parity_acc=78.8660
potted_after_break epoch 167/400 train_acc=82.2567 test_release_parity_acc=79.2096
potted_after_break epoch 168/400 train_acc=82.2567 test_release_parity_acc=79.2096
potted_after_break epoch 169/400 train_acc=82.1750 test_release_parity_acc=79.3814
potted_after_break epoch 170/400 train_acc=82.2567 test_release_parity_acc=79.3814
potted_after_break epoch 171/400 train_acc=82.2567 test_release_parity_acc=79.5533
potted_after_break epoch 172/400 train_acc=82.2567 test_release_parity_acc=79.5533
potted_after_break epoch 173/400 train_acc=82.3385 test_release_parity_acc=79.3814
potted_after_break epoch 174/400 train_acc=82.3385 test_release_parity_acc=79.3814
potted_after_break epoch 175/400 train_acc=82.5020 test_release_parity_acc=79.0378
potted_after_break epoch 176/400 train_acc=82.2567 test_release_parity_acc=78.8660
potted_after_break epoch 177/400 train_acc=82.0114 test_release_parity_acc=78.8660
potted_after_break epoch 178/400 train_acc=82.1750 test_release_parity_acc=79.0378
potted_after_break epoch 179/400 train_acc=82.5838 test_release_parity_acc=79.5533
potted_after_break epoch 180/400 train_acc=82.7473 test_release_parity_acc=79.2096
potted_after_break epoch 181/400 train_acc=82.8291 test_release_parity_acc=79.2096
potted_after_break epoch 182/400 train_acc=82.9109 test_release_parity_acc=79.5533
potted_after_break epoch 183/400 train_acc=83.0744 test_release_parity_acc=79.5533
potted_after_break epoch 184/400 train_acc=83.4832 test_release_parity_acc=79.8969
potted_after_break epoch 185/400 train_acc=83.9738 test_release_parity_acc=80.5842
potted_after_break epoch 186/400 train_acc=84.7915 test_release_parity_acc=80.5842
potted_after_break epoch 187/400 train_acc=85.1186 test_release_parity_acc=81.2715
potted_after_break epoch 188/400 train_acc=85.5274 test_release_parity_acc=81.2715
potted_after_break epoch 189/400 train_acc=86.0180 test_release_parity_acc=82.6460
potted_after_break epoch 190/400 train_acc=86.0998 test_release_parity_acc=82.4742
potted_after_break epoch 191/400 train_acc=85.9362 test_release_parity_acc=82.1306
potted_after_break epoch 192/400 train_acc=85.8545 test_release_parity_acc=81.6151
potted_after_break epoch 193/400 train_acc=85.4456 test_release_parity_acc=81.2715
potted_after_break epoch 194/400 train_acc=85.2003 test_release_parity_acc=81.6151
potted_after_break epoch 195/400 train_acc=85.2003 test_release_parity_acc=81.4433
potted_after_break epoch 196/400 train_acc=85.1186 test_release_parity_acc=81.2715
potted_after_break epoch 197/400 train_acc=85.1186 test_release_parity_acc=81.4433
potted_after_break epoch 198/400 train_acc=84.8733 test_release_parity_acc=81.4433
potted_after_break epoch 199/400 train_acc=85.2003 test_release_parity_acc=82.3024
potted_after_break epoch 200/400 train_acc=85.5274 test_release_parity_acc=82.4742
potted_after_break epoch 201/400 train_acc=84.8733 test_release_parity_acc=82.1306
potted_after_break epoch 202/400 train_acc=85.2003 test_release_parity_acc=82.1306
potted_after_break epoch 203/400 train_acc=84.6280 test_release_parity_acc=81.7869
potted_after_break epoch 204/400 train_acc=84.4644 test_release_parity_acc=81.4433
potted_after_break epoch 205/400 train_acc=84.3009 test_release_parity_acc=81.2715
potted_after_break epoch 206/400 train_acc=83.9738 test_release_parity_acc=81.2715
potted_after_break epoch 207/400 train_acc=83.9738 test_release_parity_acc=80.9278
potted_after_break epoch 208/400 train_acc=84.3009 test_release_parity_acc=81.6151
potted_after_break epoch 209/400 train_acc=84.9550 test_release_parity_acc=81.7869
potted_after_break epoch 210/400 train_acc=85.5274 test_release_parity_acc=82.9897
potted_after_break epoch 211/400 train_acc=86.0180 test_release_parity_acc=83.6770
potted_after_break epoch 212/400 train_acc=86.7539 test_release_parity_acc=84.1924
potted_after_break epoch 213/400 train_acc=86.9992 test_release_parity_acc=84.1924
potted_after_break epoch 214/400 train_acc=87.0809 test_release_parity_acc=83.6770
potted_after_break epoch 215/400 train_acc=86.8357 test_release_parity_acc=84.1924
potted_after_break epoch 216/400 train_acc=87.1627 test_release_parity_acc=83.8488
potted_after_break epoch 217/400 train_acc=87.1627 test_release_parity_acc=83.8488
potted_after_break epoch 218/400 train_acc=87.0809 test_release_parity_acc=83.8488
potted_after_break epoch 219/400 train_acc=87.0809 test_release_parity_acc=83.8488
potted_after_break epoch 220/400 train_acc=87.2445 test_release_parity_acc=84.3643
potted_after_break epoch 221/400 train_acc=87.5715 test_release_parity_acc=85.5670
potted_after_break epoch 222/400 train_acc=88.4710 test_release_parity_acc=85.0515
potted_after_break epoch 223/400 train_acc=88.6345 test_release_parity_acc=85.5670
potted_after_break epoch 224/400 train_acc=89.4522 test_release_parity_acc=86.4261
potted_after_break epoch 225/400 train_acc=89.0433 test_release_parity_acc=85.5670
potted_after_break epoch 226/400 train_acc=88.3892 test_release_parity_acc=84.5361
potted_after_break epoch 227/400 train_acc=88.1439 test_release_parity_acc=84.7079
potted_after_break epoch 228/400 train_acc=87.9804 test_release_parity_acc=84.1924
potted_after_break epoch 229/400 train_acc=87.1627 test_release_parity_acc=83.3333
potted_after_break epoch 230/400 train_acc=86.7539 test_release_parity_acc=83.5052
potted_after_break epoch 231/400 train_acc=86.2633 test_release_parity_acc=83.1615
potted_after_break epoch 232/400 train_acc=86.2633 test_release_parity_acc=82.9897
potted_after_break epoch 233/400 train_acc=86.3451 test_release_parity_acc=83.3333
potted_after_break epoch 234/400 train_acc=86.3451 test_release_parity_acc=84.0206
potted_after_break epoch 235/400 train_acc=86.9174 test_release_parity_acc=85.0515
potted_after_break epoch 236/400 train_acc=87.5715 test_release_parity_acc=85.0515
potted_after_break epoch 237/400 train_acc=88.0621 test_release_parity_acc=85.7388
potted_after_break epoch 238/400 train_acc=88.3074 test_release_parity_acc=86.4261
potted_after_break epoch 239/400 train_acc=88.7980 test_release_parity_acc=86.4261
potted_after_break epoch 240/400 train_acc=88.3892 test_release_parity_acc=85.3952
potted_after_break epoch 241/400 train_acc=87.6533 test_release_parity_acc=85.0515
potted_after_break epoch 242/400 train_acc=87.1627 test_release_parity_acc=84.7079
potted_after_break epoch 243/400 train_acc=87.3262 test_release_parity_acc=84.3643
potted_after_break epoch 244/400 train_acc=87.3262 test_release_parity_acc=84.3643
potted_after_break epoch 245/400 train_acc=87.6533 test_release_parity_acc=84.8797
potted_after_break epoch 246/400 train_acc=88.2257 test_release_parity_acc=85.2234
potted_after_break epoch 247/400 train_acc=88.5527 test_release_parity_acc=86.4261
potted_after_break epoch 248/400 train_acc=89.8610 test_release_parity_acc=86.9416
potted_after_break epoch 249/400 train_acc=90.9240 test_release_parity_acc=88.1443
potted_after_break epoch 250/400 train_acc=91.4146 test_release_parity_acc=88.3162
potted_after_break epoch 251/400 train_acc=91.0875 test_release_parity_acc=88.1443
potted_after_break epoch 252/400 train_acc=91.0875 test_release_parity_acc=88.1443
potted_after_break epoch 253/400 train_acc=90.6787 test_release_parity_acc=88.4880
potted_after_break epoch 254/400 train_acc=90.6787 test_release_parity_acc=87.1134
potted_after_break epoch 255/400 train_acc=89.8610 test_release_parity_acc=86.5979
potted_after_break epoch 256/400 train_acc=89.3704 test_release_parity_acc=86.0825
potted_after_break epoch 257/400 train_acc=89.1251 test_release_parity_acc=86.2543
potted_after_break epoch 258/400 train_acc=88.9616 test_release_parity_acc=86.4261
potted_after_break epoch 259/400 train_acc=89.0433 test_release_parity_acc=86.5979
potted_after_break epoch 260/400 train_acc=89.4522 test_release_parity_acc=86.9416
potted_after_break epoch 261/400 train_acc=89.6975 test_release_parity_acc=87.8007
potted_after_break epoch 262/400 train_acc=90.5969 test_release_parity_acc=89.0034
potted_after_break epoch 263/400 train_acc=90.9240 test_release_parity_acc=89.1753
potted_after_break epoch 264/400 train_acc=90.7604 test_release_parity_acc=88.6598
potted_after_break epoch 265/400 train_acc=90.7604 test_release_parity_acc=87.9725
potted_after_break epoch 266/400 train_acc=90.2698 test_release_parity_acc=87.6289
potted_after_break epoch 267/400 train_acc=89.6975 test_release_parity_acc=87.2852
potted_after_break epoch 268/400 train_acc=89.2069 test_release_parity_acc=85.9107
potted_after_break epoch 269/400 train_acc=88.4710 test_release_parity_acc=85.3952
potted_after_break epoch 270/400 train_acc=88.1439 test_release_parity_acc=84.5361
potted_after_break epoch 271/400 train_acc=87.8168 test_release_parity_acc=84.5361
potted_after_break epoch 272/400 train_acc=87.8986 test_release_parity_acc=84.7079
potted_after_break epoch 273/400 train_acc=88.0621 test_release_parity_acc=84.5361
potted_after_break epoch 274/400 train_acc=88.6345 test_release_parity_acc=85.0515
potted_after_break epoch 275/400 train_acc=89.6157 test_release_parity_acc=86.4261
potted_after_break epoch 276/400 train_acc=90.2698 test_release_parity_acc=87.4570
potted_after_break epoch 277/400 train_acc=91.3328 test_release_parity_acc=88.4880
potted_after_break epoch 278/400 train_acc=91.8234 test_release_parity_acc=89.0034
potted_after_break epoch 279/400 train_acc=92.4775 test_release_parity_acc=89.6907
potted_after_break epoch 280/400 train_acc=92.4775 test_release_parity_acc=89.3471
potted_after_break epoch 281/400 train_acc=92.2322 test_release_parity_acc=89.1753
potted_after_break epoch 282/400 train_acc=91.7416 test_release_parity_acc=88.8316
potted_after_break epoch 283/400 train_acc=91.4146 test_release_parity_acc=87.9725
potted_after_break epoch 284/400 train_acc=90.8422 test_release_parity_acc=87.2852
potted_after_break epoch 285/400 train_acc=90.4334 test_release_parity_acc=86.9416
potted_after_break epoch 286/400 train_acc=90.1881 test_release_parity_acc=87.1134
potted_after_break epoch 287/400 train_acc=90.5151 test_release_parity_acc=87.9725
potted_after_break epoch 288/400 train_acc=90.7604 test_release_parity_acc=88.4880
potted_after_break epoch 289/400 train_acc=91.5781 test_release_parity_acc=89.3471
potted_after_break epoch 290/400 train_acc=91.7416 test_release_parity_acc=90.0344
potted_after_break epoch 291/400 train_acc=92.0687 test_release_parity_acc=90.2062
potted_after_break epoch 292/400 train_acc=92.5593 test_release_parity_acc=90.5498
potted_after_break epoch 293/400 train_acc=92.8863 test_release_parity_acc=90.5498
potted_after_break epoch 294/400 train_acc=93.5405 test_release_parity_acc=90.5498
potted_after_break epoch 295/400 train_acc=93.7040 test_release_parity_acc=90.7216
potted_after_break epoch 296/400 train_acc=93.0499 test_release_parity_acc=90.2062
potted_after_break epoch 297/400 train_acc=92.7228 test_release_parity_acc=89.6907
potted_after_break epoch 298/400 train_acc=92.1504 test_release_parity_acc=89.1753
potted_after_break epoch 299/400 train_acc=91.6599 test_release_parity_acc=88.1443
potted_after_break epoch 300/400 train_acc=90.9240 test_release_parity_acc=86.9416
potted_after_break epoch 301/400 train_acc=90.1063 test_release_parity_acc=86.5979
potted_after_break epoch 302/400 train_acc=89.9428 test_release_parity_acc=86.9416
potted_after_break epoch 303/400 train_acc=90.1063 test_release_parity_acc=87.2852
potted_after_break epoch 304/400 train_acc=90.5969 test_release_parity_acc=86.9416
potted_after_break epoch 305/400 train_acc=90.6787 test_release_parity_acc=87.6289
potted_after_break epoch 306/400 train_acc=91.0875 test_release_parity_acc=88.3162
potted_after_break epoch 307/400 train_acc=91.6599 test_release_parity_acc=88.6598
potted_after_break epoch 308/400 train_acc=92.2322 test_release_parity_acc=89.3471
potted_after_break epoch 309/400 train_acc=92.5593 test_release_parity_acc=89.5189
potted_after_break epoch 310/400 train_acc=92.8863 test_release_parity_acc=90.2062
potted_after_break epoch 311/400 train_acc=93.1316 test_release_parity_acc=90.3780
potted_after_break epoch 312/400 train_acc=92.8046 test_release_parity_acc=90.2062
potted_after_break epoch 313/400 train_acc=92.5593 test_release_parity_acc=90.0344
potted_after_break epoch 314/400 train_acc=92.3957 test_release_parity_acc=89.6907
potted_after_break epoch 315/400 train_acc=92.3140 test_release_parity_acc=89.8625
potted_after_break epoch 316/400 train_acc=92.2322 test_release_parity_acc=90.2062
potted_after_break epoch 317/400 train_acc=92.0687 test_release_parity_acc=89.6907
potted_after_break epoch 318/400 train_acc=92.1504 test_release_parity_acc=89.5189
potted_after_break epoch 319/400 train_acc=92.5593 test_release_parity_acc=90.2062
potted_after_break epoch 320/400 train_acc=92.8863 test_release_parity_acc=90.8935
potted_after_break epoch 321/400 train_acc=93.5405 test_release_parity_acc=90.7216
potted_after_break epoch 322/400 train_acc=93.9493 test_release_parity_acc=91.0653
potted_after_break epoch 323/400 train_acc=94.1946 test_release_parity_acc=91.4089
potted_after_break epoch 324/400 train_acc=94.6034 test_release_parity_acc=92.4399
potted_after_break epoch 325/400 train_acc=95.0940 test_release_parity_acc=92.4399
potted_after_break epoch 326/400 train_acc=95.0123 test_release_parity_acc=92.2680
potted_after_break epoch 327/400 train_acc=95.3393 test_release_parity_acc=92.2680
potted_after_break epoch 328/400 train_acc=94.6034 test_release_parity_acc=92.0962
potted_after_break epoch 329/400 train_acc=94.3581 test_release_parity_acc=92.0962
potted_after_break epoch 330/400 train_acc=94.2764 test_release_parity_acc=91.7526
potted_after_break epoch 331/400 train_acc=93.8675 test_release_parity_acc=91.4089
potted_after_break epoch 332/400 train_acc=93.9493 test_release_parity_acc=91.0653
potted_after_break epoch 333/400 train_acc=93.6222 test_release_parity_acc=90.8935
potted_after_break epoch 334/400 train_acc=93.3769 test_release_parity_acc=90.7216
potted_after_break epoch 335/400 train_acc=93.3769 test_release_parity_acc=91.0653
potted_after_break epoch 336/400 train_acc=93.4587 test_release_parity_acc=91.4089
potted_after_break epoch 337/400 train_acc=93.7858 test_release_parity_acc=91.4089
potted_after_break epoch 338/400 train_acc=93.8675 test_release_parity_acc=91.9244
potted_after_break epoch 339/400 train_acc=94.0311 test_release_parity_acc=91.5808
potted_after_break epoch 340/400 train_acc=94.0311 test_release_parity_acc=91.9244
potted_after_break epoch 341/400 train_acc=94.2764 test_release_parity_acc=91.5808
potted_after_break epoch 342/400 train_acc=94.1128 test_release_parity_acc=91.7526
potted_after_break epoch 343/400 train_acc=94.2764 test_release_parity_acc=91.2371
potted_after_break epoch 344/400 train_acc=94.1946 test_release_parity_acc=90.7216
potted_after_break epoch 345/400 train_acc=93.5405 test_release_parity_acc=90.3780
potted_after_break epoch 346/400 train_acc=93.2134 test_release_parity_acc=90.0344
potted_after_break epoch 347/400 train_acc=92.7228 test_release_parity_acc=89.6907
potted_after_break epoch 348/400 train_acc=92.2322 test_release_parity_acc=89.1753
potted_after_break epoch 349/400 train_acc=92.1504 test_release_parity_acc=89.1753
potted_after_break epoch 350/400 train_acc=92.3957 test_release_parity_acc=89.0034
potted_after_break epoch 351/400 train_acc=92.4775 test_release_parity_acc=89.1753
potted_after_break epoch 352/400 train_acc=92.6410 test_release_parity_acc=89.6907
potted_after_break epoch 353/400 train_acc=93.1316 test_release_parity_acc=90.5498
potted_after_break epoch 354/400 train_acc=93.8675 test_release_parity_acc=90.8935
potted_after_break epoch 355/400 train_acc=94.4399 test_release_parity_acc=92.0962
potted_after_break epoch 356/400 train_acc=95.5029 test_release_parity_acc=93.1271
potted_after_break epoch 357/400 train_acc=95.8299 test_release_parity_acc=93.6426
potted_after_break epoch 358/400 train_acc=96.3205 test_release_parity_acc=93.6426
potted_after_break epoch 359/400 train_acc=96.4023 test_release_parity_acc=93.6426
potted_after_break epoch 360/400 train_acc=96.4023 test_release_parity_acc=93.9863
potted_after_break epoch 361/400 train_acc=96.3205 test_release_parity_acc=93.4708
potted_after_break epoch 362/400 train_acc=96.1570 test_release_parity_acc=93.1271
potted_after_break epoch 363/400 train_acc=95.8299 test_release_parity_acc=92.6117
potted_after_break epoch 364/400 train_acc=95.2576 test_release_parity_acc=92.0962
potted_after_break epoch 365/400 train_acc=94.8487 test_release_parity_acc=91.5808
potted_after_break epoch 366/400 train_acc=94.4399 test_release_parity_acc=91.5808
potted_after_break epoch 367/400 train_acc=94.3581 test_release_parity_acc=91.5808
potted_after_break epoch 368/400 train_acc=94.1128 test_release_parity_acc=91.4089
potted_after_break epoch 369/400 train_acc=94.1128 test_release_parity_acc=91.5808
potted_after_break epoch 370/400 train_acc=94.6034 test_release_parity_acc=91.9244
potted_after_break epoch 371/400 train_acc=94.6852 test_release_parity_acc=92.0962
potted_after_break epoch 372/400 train_acc=95.0123 test_release_parity_acc=92.6117
potted_after_break epoch 373/400 train_acc=95.4211 test_release_parity_acc=93.1271
potted_after_break epoch 374/400 train_acc=96.0752 test_release_parity_acc=93.4708
potted_after_break epoch 375/400 train_acc=96.2388 test_release_parity_acc=93.8144
potted_after_break epoch 376/400 train_acc=96.4023 test_release_parity_acc=93.8144
potted_after_break epoch 377/400 train_acc=96.4841 test_release_parity_acc=93.8144
potted_after_break epoch 378/400 train_acc=96.5658 test_release_parity_acc=93.6426
potted_after_break epoch 379/400 train_acc=96.7294 test_release_parity_acc=93.2990
potted_after_break epoch 380/400 train_acc=96.5658 test_release_parity_acc=92.9553
potted_after_break epoch 381/400 train_acc=96.2388 test_release_parity_acc=92.7835
potted_after_break epoch 382/400 train_acc=95.7482 test_release_parity_acc=92.4399
potted_after_break epoch 383/400 train_acc=95.5846 test_release_parity_acc=92.0962
potted_after_break epoch 384/400 train_acc=95.0940 test_release_parity_acc=91.4089
potted_after_break epoch 385/400 train_acc=94.6034 test_release_parity_acc=90.5498
potted_after_break epoch 386/400 train_acc=94.2764 test_release_parity_acc=90.2062
potted_after_break epoch 387/400 train_acc=93.8675 test_release_parity_acc=90.0344
potted_after_break epoch 388/400 train_acc=93.7858 test_release_parity_acc=90.3780
potted_after_break epoch 389/400 train_acc=94.0311 test_release_parity_acc=90.7216
potted_after_break epoch 390/400 train_acc=94.7670 test_release_parity_acc=91.2371
potted_after_break epoch 391/400 train_acc=95.2576 test_release_parity_acc=91.7526
potted_after_break epoch 392/400 train_acc=95.5846 test_release_parity_acc=92.0962
potted_after_break epoch 393/400 train_acc=95.9935 test_release_parity_acc=92.9553
potted_after_break epoch 394/400 train_acc=96.7294 test_release_parity_acc=93.1271
potted_after_break epoch 395/400 train_acc=96.9747 test_release_parity_acc=93.9863
potted_after_break epoch 396/400 train_acc=97.1382 test_release_parity_acc=94.3299
potted_after_break epoch 397/400 train_acc=97.4652 test_release_parity_acc=94.3299
potted_after_break epoch 398/400 train_acc=97.5470 test_release_parity_acc=94.5017
potted_after_break epoch 399/400 train_acc=97.4652 test_release_parity_acc=94.6735
potted_after_break epoch 400/400 train_acc=97.5470 test_release_parity_acc=94.6735
saved: Output/reproduction/formal/release_code_parity_wd0.0001/BLCNN_release_code_parity_potted_after_break_result.csv
saved: Output/reproduction/formal/release_code_parity_wd0.0001/BLCNN_release_code_parity_potted_after_break_result.json
summary: Output/reproduction/formal/release_code_parity_wd0.0001/BLCNN_release_code_parity_summary_20260706_014707.csv
